<?xml version="1.0" encoding="UTF-8"?>
<testsuite xmlns:xsi="http://www.w3.org/2001/XMLSchema-instance" xsi:noNamespaceSchemaLocation="https://maven.apache.org/surefire/maven-surefire-plugin/xsd/surefire-test-report-3.0.xsd" version="3.0" name="tests.runner.CucumberTest" time="1.838" tests="13" errors="0" skipped="0" failures="0">
  <properties>
[...]
</properties>
  <testcase name="Flow is added to a normal edge" classname="Adding flow to edges" time="0.062"/>
  <testcase name="Flow is added to a residual edge" classname="Adding flow to edges" time="0.01"/>
  <testcase name="Employees are correctly portrayed in the graph" classname="Making the graph" time="0.027"/>
  <testcase name="There is a day node for each day for every employee" classname="Making the graph" time="0.005"/>
  <testcase name="Shifts are correctly linked to each employee when creating the graph" classname="Making the graph" time="0.005"/>
  <testcase name="Experience levels are accurately portrayed in the graph" classname="Making the graph" time="0.003"/>
  <testcase name="Departments are accurately portrayed in the graph" classname="Making the graph" time="0.004"/>
  <testcase name="Graph has no edges to nodes representing prefLvl 1 and not wanted" classname="Checking whether preferences are handled" time="0.008"/>
  <testcase name="Graph has no edges to unwanted shifts on certain days" classname="Checking whether preferences are handled" time="0.006"/>
  <testcase name="Graph has no edges to unwanted shifts on certain dates" classname="Checking whether preferences are handled" time="0.006"/>
  <testcase name="Graph portrays preferences correctly through weights" classname="Checking whether preferences are handled" time="0.008"/>
  <testcase name="when flow problem is solved, all flows are valid" classname="minCostMaxFlow algorithm" time="0.094"/>
  <testcase name="when the algorithm has run, no rules are broken (except 4/12 shifts)" classname="minCostMaxFlow algorithm" time="1.365">
    <system-out><![CDATA[for emp: Employee 01, ( 7-15 ) -- (8/8, w=1000, lw_b = 8 --> ( day_lab_1 )
for emp: Employee 01, ( 7-15 ) -- (8/8, w=1000, lw_b = 8 --> ( day_lab_1 )
for emp: Employee 01, ( 7-15 ) -- (8/8, w=1000, lw_b = 8 --> ( day_lab_1 )
for emp: Employee 01, ( 7-15 ) -- (8/8, w=1000, lw_b = 8 --> ( day_lab_1 )
for emp: Employee 01, ( 7-15 ) -- (8/8, w=1000, lw_b = 8 --> ( day_lab_1 )
for emp: Employee 01, ( 7-15 ) -- (8/8, w=1000, lw_b = 8 --> ( day_lab_1 )
for emp: Employee 02, ( 7-15 ) -- (8/8, w=1000, lw_b = 8 --> ( day_lab_1 )
for emp: Employee 02, ( 15-23 ) -- (4/8, w=1000, lw_b = 8 --> ( eve_lab_1 )
for emp: Employee 02, ( 7-15 ) -- (8/8, w=1000, lw_b = 8 --> ( day_lab_1 )
for emp: Employee 02, ( 15-23 ) -- (4/8, w=1000, lw_b = 8 --> ( eve_lab_1 )
for emp: Employee 02, ( 7-15 ) -- (8/8, w=1000, lw_b = 8 --> ( day_lab_1 )
for emp: Employee 02, ( 15-23 ) -- (4/8, w=1000, lw_b = 8 --> ( eve_lab_1 )
for emp: Employee 02, ( 7-15 ) -- (8/8, w=1000, lw_b = 8 --> ( day_lab_1 )
for emp: Employee 02, ( 15-23 ) -- (4/8, w=1000, lw_b = 8 --> ( eve_lab_1 )
for emp: Employee 02, ( 7-15 ) -- (8/8, w=1000, lw_b = 8 --> ( day_lab_1 )
for emp: Employee 02, ( 15-23 ) -- (4/8, w=1000, lw_b = 8 --> ( eve_lab_1 )
for emp: Employee 02, ( 7-15 ) -- (4/8, w=1000, lw_b = 8 --> ( day_lab_1 )
for emp: Employee 03, ( 7-15 ) -- (8/8, w=1000, lw_b = 8 --> ( day_lab_2 )
for emp: Employee 03, ( 15-23 ) -- (4/8, w=1000, lw_b = 8 --> ( eve_lab_2 )
for emp: Employee 03, ( 7-15 ) -- (8/8, w=1000, lw_b = 8 --> ( day_lab_2 )
for emp: Employee 03, ( 15-23 ) -- (4/8, w=1000, lw_b = 8 --> ( eve_lab_2 )
for emp: Employee 03, ( 7-15 ) -- (8/8, w=1000, lw_b = 8 --> ( day_lab_2 )
for emp: Employee 03, ( 15-23 ) -- (4/8, w=1000, lw_b = 8 --> ( eve_lab_2 )
for emp: Employee 03, ( 7-15 ) -- (8/8, w=1000, lw_b = 8 --> ( day_lab_2 )
for emp: Employee 03, ( 15-23 ) -- (4/8, w=1000, lw_b = 8 --> ( eve_lab_2 )
for emp: Employee 03, ( 7-15 ) -- (8/8, w=1000, lw_b = 8 --> ( day_lab_2 )
for emp: Employee 03, ( 15-23 ) -- (4/8, w=1000, lw_b = 8 --> ( eve_lab_2 )
for emp: Employee 03, ( 7-15 ) -- (8/8, w=1000, lw_b = 8 --> ( day_lab_2 )
for emp: Employee 03, ( 15-23 ) -- (4/8, w=1000, lw_b = 8 --> ( eve_lab_2 )
for emp: Employee 03, ( 7-15 ) -- (8/8, w=1000, lw_b = 8 --> ( day_lab_2 )
for emp: Employee 03, ( 15-23 ) -- (4/8, w=1000, lw_b = 8 --> ( eve_lab_2 )
for emp: Employee 03, ( 7-15 ) -- (4/8, w=1000, lw_b = 8 --> ( day_lab_2 )
for emp: Employee 04, ( 7-15 ) -- (8/8, w=1000, lw_b = 8 --> ( day_lab_2 )
for emp: Employee 04, ( 15-23 ) -- (4/8, w=1000, lw_b = 8 --> ( eve_lab_2 )
for emp: Employee 04, ( 7-15 ) -- (8/8, w=1000, lw_b = 8 --> ( day_lab_2 )
for emp: Employee 04, ( 15-23 ) -- (4/8, w=1000, lw_b = 8 --> ( eve_lab_2 )
for emp: Employee 04, ( 7-15 ) -- (8/8, w=1000, lw_b = 8 --> ( day_lab_2 )
for emp: Employee 04, ( 15-23 ) -- (4/8, w=1000, lw_b = 8 --> ( eve_lab_2 )
for emp: Employee 04, ( 7-15 ) -- (8/8, w=1000, lw_b = 8 --> ( day_lab_2 )
for emp: Employee 04, ( 15-23 ) -- (4/8, w=1000, lw_b = 8 --> ( eve_lab_2 )
for emp: Employee 04, ( 7-15 ) -- (8/8, w=1000, lw_b = 8 --> ( day_lab_2 )
for emp: Employee 04, ( 15-23 ) -- (4/8, w=1000, lw_b = 8 --> ( eve_lab_2 )
for emp: Employee 04, ( 7-15 ) -- (8/8, w=1000, lw_b = 8 --> ( day_lab_2 )
for emp: Employee 04, ( 15-23 ) -- (4/8, w=1000, lw_b = 8 --> ( eve_lab_2 )
for emp: Employee 04, ( 7-15 ) -- (8/8, w=1000, lw_b = 8 --> ( day_lab_2 )
for emp: Employee 04, ( 15-23 ) -- (4/8, w=1000, lw_b = 8 --> ( eve_lab_2 )
for emp: Employee 04, ( 7-15 ) -- (8/8, w=1000, lw_b = 8 --> ( day_lab_2 )
for emp: Employee 04, ( 15-23 ) -- (4/8, w=1000, lw_b = 8 --> ( eve_lab_2 )
for emp: Employee 04, ( 7-15 ) -- (8/8, w=1000, lw_b = 8 --> ( day_lab_2 )
for emp: Employee 04, ( 15-23 ) -- (4/8, w=1000, lw_b = 8 --> ( eve_lab_2 )
for emp: Employee 04, ( 7-15 ) -- (8/8, w=1000, lw_b = 8 --> ( day_lab_2 )
for emp: Employee 04, ( 15-23 ) -- (4/8, w=1000, lw_b = 8 --> ( eve_lab_2 )
for emp: Employee 04, ( 7-15 ) -- (8/8, w=1000, lw_b = 8 --> ( day_lab_2 )
for emp: Employee 04, ( 15-23 ) -- (4/8, w=1000, lw_b = 8 --> ( eve_lab_2 )
for emp: Employee 04, ( 7-15 ) -- (8/8, w=1000, lw_b = 8 --> ( day_lab_2 )
for emp: Employee 04, ( 15-23 ) -- (4/8, w=1000, lw_b = 8 --> ( eve_lab_2 )
for emp: Employee 04, ( 7-15 ) -- (8/8, w=1000, lw_b = 8 --> ( day_lab_2 )
for emp: Employee 04, ( 15-23 ) -- (4/8, w=1000, lw_b = 8 --> ( eve_lab_2 )
for emp: Employee 04, ( 7-15 ) -- (4/8, w=1000, lw_b = 8 --> ( day_lab_2 )
for emp: Employee 05, ( 7-15 ) -- (8/8, w=1000, lw_b = 8 --> ( day_lab_1 )
for emp: Employee 05, ( 15-23 ) -- (4/8, w=1000, lw_b = 8 --> ( eve_lab_1 )
for emp: Employee 05, ( 15-23 ) -- (4/8, w=1000, lw_b = 8 --> ( eve_lab_1 )
for emp: Employee 05, ( 23-7 ) -- (8/8, w=1000, lw_b = 8 --> ( night_lab_1 )
for emp: Employee 05, ( 23-7 ) -- (8/8, w=1000, lw_b = 8 --> ( night_lab_1 )
for emp: Employee 05, ( 23-7 ) -- (8/8, w=1000, lw_b = 8 --> ( night_lab_1 )
for emp: Employee 05, ( 23-7 ) -- (8/8, w=1000, lw_b = 8 --> ( night_lab_1 )
for emp: Employee 05, ( 23-7 ) -- (8/8, w=1000, lw_b = 8 --> ( night_lab_1 )
for emp: Employee 05, ( 23-7 ) -- (8/8, w=1000, lw_b = 8 --> ( night_lab_1 )
for emp: Employee 05, ( 23-7 ) -- (8/8, w=1000, lw_b = 8 --> ( night_lab_1 )
for emp: Employee 05, ( 23-7 ) -- (8/8, w=1000, lw_b = 8 --> ( night_lab_1 )
for emp: Employee 05, ( 23-7 ) -- (8/8, w=1000, lw_b = 8 --> ( night_lab_1 )
for emp: Employee 05, ( 23-7 ) -- (8/8, w=1000, lw_b = 8 --> ( night_lab_1 )
for emp: Employee 05, ( 23-7 ) -- (8/8, w=1000, lw_b = 8 --> ( night_lab_1 )
for emp: Employee 05, ( 23-7 ) -- (8/8, w=1000, lw_b = 8 --> ( night_lab_1 )
for emp: Employee 05, ( 23-7 ) -- (8/8, w=1000, lw_b = 8 --> ( night_lab_1 )
for emp: Employee 05, ( 23-7 ) -- (8/8, w=1000, lw_b = 8 --> ( night_lab_1 )
for emp: Employee 05, ( 23-7 ) -- (8/8, w=1000, lw_b = 8 --> ( night_lab_1 )
for emp: Employee 05, ( 23-7 ) -- (8/8, w=1000, lw_b = 8 --> ( night_lab_1 )
for emp: Employee 05, ( 23-7 ) -- (8/8, w=1000, lw_b = 8 --> ( night_lab_1 )
for emp: Employee 05, ( 23-7 ) -- (8/8, w=1000, lw_b = 8 --> ( night_lab_1 )
for emp: Employee 05, ( 23-7 ) -- (8/8, w=1000, lw_b = 8 --> ( night_lab_1 )
for emp: Employee 05, ( 23-7 ) -- (8/8, w=1000, lw_b = 8 --> ( night_lab_1 )
for emp: Employee 05, ( 23-7 ) -- (8/8, w=1000, lw_b = 8 --> ( night_lab_1 )
for emp: Employee 05, ( 23-7 ) -- (8/8, w=1000, lw_b = 8 --> ( night_lab_1 )
for emp: Employee 05, ( 23-7 ) -- (8/8, w=1000, lw_b = 8 --> ( night_lab_1 )
for emp: Employee 05, ( 23-7 ) -- (8/8, w=1000, lw_b = 8 --> ( night_lab_1 )
for emp: Employee 05, ( 23-7 ) -- (8/8, w=1000, lw_b = 8 --> ( night_lab_1 )
for emp: Employee 05, ( 23-7 ) -- (8/8, w=1000, lw_b = 8 --> ( night_lab_1 )
for emp: Employee 06, ( 7-15 ) -- (8/8, w=1000, lw_b = 8 --> ( day_lab_2 )
for emp: Employee 06, ( 7-15 ) -- (8/8, w=1000, lw_b = 8 --> ( day_lab_2 )
for emp: Employee 06, ( 15-23 ) -- (4/8, w=1000, lw_b = 8 --> ( eve_lab_2 )
for emp: Employee 06, ( 7-15 ) -- (8/8, w=1000, lw_b = 8 --> ( day_lab_2 )
for emp: Employee 06, ( 15-23 ) -- (4/8, w=1000, lw_b = 8 --> ( eve_lab_2 )
for emp: Employee 06, ( 7-15 ) -- (8/8, w=1000, lw_b = 8 --> ( day_lab_2 )
for emp: Employee 06, ( 15-23 ) -- (4/8, w=1000, lw_b = 8 --> ( eve_lab_2 )
for emp: Employee 06, ( 7-15 ) -- (8/8, w=1000, lw_b = 8 --> ( day_lab_2 )
for emp: Employee 06, ( 15-23 ) -- (4/8, w=1000, lw_b = 8 --> ( eve_lab_2 )
for emp: Employee 06, ( 7-15 ) -- (8/8, w=1000, lw_b = 8 --> ( day_lab_2 )
for emp: Employee 06, ( 7-15 ) -- (8/8, w=1000, lw_b = 8 --> ( day_lab_2 )
for emp: Employee 06, ( 7-15 ) -- (8/8, w=1000, lw_b = 8 --> ( day_lab_2 )
for emp: Employee 06, ( 7-15 ) -- (8/8, w=1000, lw_b = 8 --> ( day_lab_2 )
for emp: Employee 06, ( 15-23 ) -- (4/8, w=1000, lw_b = 8 --> ( eve_lab_2 )
for emp: Employee 06, ( 7-15 ) -- (8/8, w=1000, lw_b = 8 --> ( day_lab_2 )
for emp: Employee 06, ( 15-23 ) -- (4/8, w=1000, lw_b = 8 --> ( eve_lab_2 )
for emp: Employee 06, ( 7-15 ) -- (8/8, w=1000, lw_b = 8 --> ( day_lab_2 )
for emp: Employee 06, ( 15-23 ) -- (4/8, w=1000, lw_b = 8 --> ( eve_lab_2 )
for emp: Employee 06, ( 7-15 ) -- (8/8, w=1000, lw_b = 8 --> ( day_lab_2 )
for emp: Employee 06, ( 7-15 ) -- (8/8, w=1000, lw_b = 8 --> ( day_lab_2 )
for emp: Employee 06, ( 15-23 ) -- (4/8, w=1000, lw_b = 8 --> ( eve_lab_2 )
for emp: Employee 06, ( 7-15 ) -- (8/8, w=1000, lw_b = 8 --> ( day_lab_2 )
for emp: Employee 06, ( 7-15 ) -- (8/8, w=1000, lw_b = 8 --> ( day_lab_2 )
for emp: Employee 06, ( 7-15 ) -- (8/8, w=1000, lw_b = 8 --> ( day_lab_2 )
for emp: Employee 06, ( 15-23 ) -- (4/8, w=1000, lw_b = 8 --> ( eve_lab_2 )
for emp: Employee 06, ( 7-15 ) -- (8/8, w=1000, lw_b = 8 --> ( day_lab_2 )
for emp: Employee 06, ( 15-23 ) -- (4/8, w=1000, lw_b = 8 --> ( eve_lab_2 )
for emp: Employee 06, ( 7-15 ) -- (8/8, w=1000, lw_b = 8 --> ( day_lab_2 )
for emp: Employee 06, ( 15-23 ) -- (4/8, w=1000, lw_b = 8 --> ( eve_lab_2 )
for emp: Employee 06, ( 7-15 ) -- (8/8, w=1000, lw_b = 8 --> ( day_lab_2 )
for emp: Employee 06, ( 15-23 ) -- (4/8, w=1000, lw_b = 8 --> ( eve_lab_2 )
for emp: Employee 06, ( 7-15 ) -- (8/8, w=1000, lw_b = 8 --> ( day_lab_2 )
for emp: Employee 06, ( 15-23 ) -- (4/8, w=1000, lw_b = 8 --> ( eve_lab_2 )
for emp: Employee 06, ( 7-15 ) -- (8/8, w=1000, lw_b = 8 --> ( day_lab_2 )
for emp: Employee 06, ( 7-15 ) -- (8/8, w=1000, lw_b = 8 --> ( day_lab_2 )
for emp: Employee 06, ( 15-23 ) -- (4/8, w=1000, lw_b = 8 --> ( eve_lab_2 )
for emp: Employee 06, ( 7-15 ) -- (8/8, w=1000, lw_b = 8 --> ( day_lab_2 )
for emp: Employee 06, ( 15-23 ) -- (4/8, w=1000, lw_b = 8 --> ( eve_lab_2 )
for emp: Employee 06, ( 7-15 ) -- (8/8, w=1000, lw_b = 8 --> ( day_lab_2 )
for emp: Employee 06, ( 15-23 ) -- (4/8, w=1000, lw_b = 8 --> ( eve_lab_2 )
for emp: Employee 06, ( 7-15 ) -- (8/8, w=1000, lw_b = 8 --> ( day_lab_2 )
for emp: Employee 07, ( 15-23 ) -- (8/8, w=1000, lw_b = 8 --> ( eve_lab_2 )
for emp: Employee 07, ( 15-23 ) -- (8/8, w=1000, lw_b = 8 --> ( eve_lab_2 )
for emp: Employee 07, ( 15-23 ) -- (8/8, w=1000, lw_b = 8 --> ( eve_lab_2 )
for emp: Employee 07, ( 15-23 ) -- (8/8, w=1000, lw_b = 8 --> ( eve_lab_2 )
for emp: Employee 07, ( 15-23 ) -- (8/8, w=1000, lw_b = 8 --> ( eve_lab_2 )
for emp: Employee 07, ( 15-23 ) -- (8/8, w=1000, lw_b = 8 --> ( eve_lab_2 )
for emp: Employee 07, ( 15-23 ) -- (8/8, w=1000, lw_b = 8 --> ( eve_lab_2 )
for emp: Employee 07, ( 15-23 ) -- (8/8, w=1000, lw_b = 8 --> ( eve_lab_2 )
for emp: Employee 07, ( 15-23 ) -- (8/8, w=1000, lw_b = 8 --> ( eve_lab_2 )
for emp: Employee 07, ( 15-23 ) -- (8/8, w=1000, lw_b = 8 --> ( eve_lab_2 )
for emp: Employee 07, ( 15-23 ) -- (8/8, w=1000, lw_b = 8 --> ( eve_lab_2 )
for emp: Employee 07, ( 15-23 ) -- (8/8, w=1000, lw_b = 8 --> ( eve_lab_2 )
for emp: Employee 07, ( 15-23 ) -- (8/8, w=1000, lw_b = 8 --> ( eve_lab_2 )
for emp: Employee 07, ( 15-23 ) -- (8/8, w=1000, lw_b = 8 --> ( eve_lab_2 )
for emp: Employee 07, ( 15-23 ) -- (8/8, w=1000, lw_b = 8 --> ( eve_lab_2 )
for emp: Employee 07, ( 15-23 ) -- (8/8, w=1000, lw_b = 8 --> ( eve_lab_2 )
for emp: Employee 07, ( 15-23 ) -- (8/8, w=1000, lw_b = 8 --> ( eve_lab_2 )
for emp: Employee 07, ( 15-23 ) -- (8/8, w=1000, lw_b = 8 --> ( eve_lab_2 )
for emp: Employee 07, ( 15-23 ) -- (8/8, w=1000, lw_b = 8 --> ( eve_lab_2 )
for emp: Employee 07, ( 15-23 ) -- (8/8, w=1000, lw_b = 8 --> ( eve_lab_2 )
for emp: Employee 07, ( 15-23 ) -- (8/8, w=1000, lw_b = 8 --> ( eve_lab_2 )
for emp: Employee 07, ( 15-23 ) -- (8/8, w=1000, lw_b = 8 --> ( eve_lab_2 )
for emp: Employee 07, ( 15-23 ) -- (8/8, w=1000, lw_b = 8 --> ( eve_lab_2 )
for emp: Employee 07, ( 15-23 ) -- (8/8, w=1000, lw_b = 8 --> ( eve_lab_2 )
for emp: Employee 07, ( 15-23 ) -- (8/8, w=1000, lw_b = 8 --> ( eve_lab_2 )
for emp: Employee 07, ( 15-23 ) -- (8/8, w=1000, lw_b = 8 --> ( eve_lab_2 )
for emp: Employee 07, ( 15-23 ) -- (8/8, w=1000, lw_b = 8 --> ( eve_lab_2 )
for emp: Employee 07, ( 15-23 ) -- (8/8, w=1000, lw_b = 8 --> ( eve_lab_2 )
for emp: Employee 07, ( 15-23 ) -- (8/8, w=1000, lw_b = 8 --> ( eve_lab_2 )
for emp: Employee 07, ( 15-23 ) -- (8/8, w=1000, lw_b = 8 --> ( eve_lab_2 )
for emp: Employee 07, ( 15-23 ) -- (8/8, w=1000, lw_b = 8 --> ( eve_lab_2 )
for emp: Employee 07, ( 15-23 ) -- (8/8, w=1000, lw_b = 8 --> ( eve_lab_2 )
for emp: Employee 07, ( 15-23 ) -- (8/8, w=1000, lw_b = 8 --> ( eve_lab_2 )
for emp: Employee 07, ( 15-23 ) -- (8/8, w=1000, lw_b = 8 --> ( eve_lab_2 )
for emp: Employee 07, ( 15-23 ) -- (8/8, w=1000, lw_b = 8 --> ( eve_lab_2 )
for emp: Employee 07, ( 15-23 ) -- (8/8, w=1000, lw_b = 8 --> ( eve_lab_2 )
for emp: Employee 08, ( 7-15 ) -- (8/8, w=1000, lw_b = 8 --> ( day_lab_2 )
for emp: Employee 08, ( 7-15 ) -- (8/8, w=1000, lw_b = 8 --> ( day_lab_2 )
for emp: Employee 08, ( 15-23 ) -- (4/8, w=1000, lw_b = 8 --> ( eve_lab_2 )
for emp: Employee 08, ( 7-15 ) -- (8/8, w=1000, lw_b = 8 --> ( day_lab_2 )
for emp: Employee 08, ( 15-23 ) -- (4/8, w=1000, lw_b = 8 --> ( eve_lab_2 )
for emp: Employee 08, ( 15-23 ) -- (4/8, w=1000, lw_b = 8 --> ( eve_lab_2 )
for emp: Employee 08, ( 23-7 ) -- (8/8, w=1000, lw_b = 8 --> ( night_lab_2 )
for emp: Employee 08, ( 23-7 ) -- (8/8, w=1000, lw_b = 8 --> ( night_lab_2 )
for emp: Employee 08, ( 23-7 ) -- (8/8, w=1000, lw_b = 8 --> ( night_lab_2 )
for emp: Employee 08, ( 7-15 ) -- (8/8, w=1000, lw_b = 8 --> ( day_lab_2 )
for emp: Employee 08, ( 7-15 ) -- (8/8, w=1000, lw_b = 8 --> ( day_lab_2 )
for emp: Employee 08, ( 15-23 ) -- (4/8, w=1000, lw_b = 8 --> ( eve_lab_2 )
for emp: Employee 08, ( 7-15 ) -- (8/8, w=1000, lw_b = 8 --> ( day_lab_2 )
for emp: Employee 08, ( 15-23 ) -- (4/8, w=1000, lw_b = 8 --> ( eve_lab_2 )
for emp: Employee 08, ( 23-7 ) -- (8/8, w=1000, lw_b = 8 --> ( night_lab_2 )
for emp: Employee 08, ( 23-7 ) -- (8/8, w=1000, lw_b = 8 --> ( night_lab_2 )
for emp: Employee 08, ( 23-7 ) -- (8/8, w=1000, lw_b = 8 --> ( night_lab_2 )
for emp: Employee 08, ( 7-15 ) -- (8/8, w=1000, lw_b = 8 --> ( day_lab_2 )
for emp: Employee 08, ( 7-15 ) -- (8/8, w=1000, lw_b = 8 --> ( day_lab_2 )
for emp: Employee 08, ( 15-23 ) -- (4/8, w=1000, lw_b = 8 --> ( eve_lab_2 )
for emp: Employee 08, ( 7-15 ) -- (8/8, w=1000, lw_b = 8 --> ( day_lab_2 )
for emp: Employee 08, ( 15-23 ) -- (4/8, w=1000, lw_b = 8 --> ( eve_lab_2 )
for emp: Employee 08, ( 7-15 ) -- (8/8, w=1000, lw_b = 8 --> ( day_lab_2 )
for emp: Employee 08, ( 15-23 ) -- (4/8, w=1000, lw_b = 8 --> ( eve_lab_2 )
for emp: Employee 08, ( 7-15 ) -- (8/8, w=1000, lw_b = 8 --> ( day_lab_2 )
for emp: Employee 08, ( 15-23 ) -- (4/8, w=1000, lw_b = 8 --> ( eve_lab_2 )
for emp: Employee 08, ( 23-7 ) -- (8/8, w=1000, lw_b = 8 --> ( night_lab_2 )
for emp: Employee 08, ( 23-7 ) -- (8/8, w=1000, lw_b = 8 --> ( night_lab_2 )
for emp: Employee 08, ( 23-7 ) -- (8/8, w=1000, lw_b = 8 --> ( night_lab_2 )
for emp: Employee 08, ( 23-7 ) -- (8/8, w=1000, lw_b = 8 --> ( night_lab_2 )
for emp: Employee 08, ( 23-7 ) -- (8/8, w=1000, lw_b = 8 --> ( night_lab_2 )
for emp: Employee 08, ( 23-7 ) -- (8/8, w=1000, lw_b = 8 --> ( night_lab_2 )
for emp: Employee 08, ( 23-7 ) -- (8/8, w=1000, lw_b = 8 --> ( night_lab_2 )
for emp: Employee 08, ( 23-7 ) -- (8/8, w=1000, lw_b = 8 --> ( night_lab_2 )
for emp: Employee 08, ( 23-7 ) -- (8/8, w=1000, lw_b = 8 --> ( night_lab_2 )
for emp: Employee 08, ( 23-7 ) -- (8/8, w=1000, lw_b = 8 --> ( night_lab_2 )
for emp: Employee 08, ( 23-7 ) -- (8/8, w=1000, lw_b = 8 --> ( night_lab_2 )
for emp: Employee 08, ( 23-7 ) -- (8/8, w=1000, lw_b = 8 --> ( night_lab_2 )
for emp: Employee 08, ( 23-7 ) -- (8/8, w=1000, lw_b = 8 --> ( night_lab_2 )
for emp: Employee 08, ( 23-7 ) -- (8/8, w=1000, lw_b = 8 --> ( night_lab_2 )
for emp: Employee 08, ( 23-7 ) -- (4/8, w=1000, lw_b = 8 --> ( night_lab_2 )
for emp: Employee 09, ( 7-15 ) -- (8/8, w=1000, lw_b = 8 --> ( day_lab_2 )
for emp: Employee 09, ( 15-23 ) -- (4/8, w=1000, lw_b = 8 --> ( eve_lab_2 )
for emp: Employee 09, ( 23-7 ) -- (8/8, w=1000, lw_b = 8 --> ( night_lab_2 )
for emp: Employee 09, ( 23-7 ) -- (8/8, w=1000, lw_b = 8 --> ( night_lab_2 )
for emp: Employee 09, ( 23-7 ) -- (8/8, w=1000, lw_b = 8 --> ( night_lab_2 )
for emp: Employee 09, ( 23-7 ) -- (8/8, w=1000, lw_b = 8 --> ( night_lab_2 )
for emp: Employee 09, ( 23-7 ) -- (8/8, w=1000, lw_b = 8 --> ( night_lab_2 )
for emp: Employee 09, ( 7-15 ) -- (8/8, w=1000, lw_b = 8 --> ( day_lab_2 )
for emp: Employee 09, ( 15-23 ) -- (4/8, w=1000, lw_b = 8 --> ( eve_lab_2 )
for emp: Employee 09, ( 7-15 ) -- (8/8, w=1000, lw_b = 8 --> ( day_lab_2 )
for emp: Employee 09, ( 15-23 ) -- (4/8, w=1000, lw_b = 8 --> ( eve_lab_2 )
for emp: Employee 09, ( 7-15 ) -- (8/8, w=1000, lw_b = 8 --> ( day_lab_2 )
for emp: Employee 09, ( 23-7 ) -- (8/8, w=1000, lw_b = 8 --> ( night_lab_2 )
for emp: Employee 09, ( 23-7 ) -- (8/8, w=1000, lw_b = 8 --> ( night_lab_2 )
for emp: Employee 09, ( 23-7 ) -- (8/8, w=1000, lw_b = 8 --> ( night_lab_2 )
for emp: Employee 09, ( 7-15 ) -- (8/8, w=1000, lw_b = 8 --> ( day_lab_2 )
for emp: Employee 09, ( 15-23 ) -- (4/8, w=1000, lw_b = 8 --> ( eve_lab_2 )
for emp: Employee 09, ( 7-15 ) -- (8/8, w=1000, lw_b = 8 --> ( day_lab_2 )
for emp: Employee 09, ( 15-23 ) -- (4/8, w=1000, lw_b = 8 --> ( eve_lab_2 )
for emp: Employee 09, ( 7-15 ) -- (8/8, w=1000, lw_b = 8 --> ( day_lab_2 )
for emp: Employee 09, ( 15-23 ) -- (4/8, w=1000, lw_b = 8 --> ( eve_lab_2 )
for emp: Employee 09, ( 7-15 ) -- (8/8, w=1000, lw_b = 8 --> ( day_lab_2 )
for emp: Employee 09, ( 15-23 ) -- (4/8, w=1000, lw_b = 8 --> ( eve_lab_2 )
for emp: Employee 09, ( 7-15 ) -- (8/8, w=1000, lw_b = 8 --> ( day_lab_2 )
for emp: Employee 09, ( 23-7 ) -- (8/8, w=1000, lw_b = 8 --> ( night_lab_2 )
for emp: Employee 09, ( 23-7 ) -- (8/8, w=1000, lw_b = 8 --> ( night_lab_2 )
for emp: Employee 09, ( 23-7 ) -- (8/8, w=1000, lw_b = 8 --> ( night_lab_2 )
for emp: Employee 09, ( 23-7 ) -- (8/8, w=1000, lw_b = 8 --> ( night_lab_2 )
for emp: Employee 09, ( 23-7 ) -- (8/8, w=1000, lw_b = 8 --> ( night_lab_2 )
for emp: Employee 09, ( 23-7 ) -- (8/8, w=1000, lw_b = 8 --> ( night_lab_2 )
for emp: Employee 09, ( 23-7 ) -- (8/8, w=1000, lw_b = 8 --> ( night_lab_2 )
for emp: Employee 09, ( 23-7 ) -- (8/8, w=1000, lw_b = 8 --> ( night_lab_2 )
for emp: Employee 09, ( 23-7 ) -- (8/8, w=1000, lw_b = 8 --> ( night_lab_2 )
for emp: Employee 09, ( 23-7 ) -- (8/8, w=1000, lw_b = 8 --> ( night_lab_2 )
for emp: Employee 09, ( 23-7 ) -- (8/8, w=1000, lw_b = 8 --> ( night_lab_2 )
for emp: Employee 09, ( 23-7 ) -- (4/8, w=1000, lw_b = 8 --> ( night_lab_2 )
for emp: Employee 10, ( 7-15 ) -- (8/8, w=1000, lw_b = 8 --> ( day_lab_2 )
for emp: Employee 10, ( 15-23 ) -- (4/8, w=1000, lw_b = 8 --> ( eve_lab_2 )
for emp: Employee 10, ( 23-7 ) -- (8/8, w=1000, lw_b = 8 --> ( night_lab_2 )
for emp: Employee 10, ( 23-7 ) -- (8/8, w=1000, lw_b = 8 --> ( night_lab_2 )
for emp: Employee 10, ( 23-7 ) -- (8/8, w=1000, lw_b = 8 --> ( night_lab_2 )
for emp: Employee 10, ( 7-15 ) -- (8/8, w=1000, lw_b = 8 --> ( day_lab_2 )
for emp: Employee 10, ( 7-15 ) -- (8/8, w=1000, lw_b = 8 --> ( day_lab_2 )
for emp: Employee 10, ( 7-15 ) -- (8/8, w=1000, lw_b = 8 --> ( day_lab_2 )
for emp: Employee 10, ( 15-23 ) -- (4/8, w=1000, lw_b = 8 --> ( eve_lab_2 )
for emp: Employee 10, ( 7-15 ) -- (8/8, w=1000, lw_b = 8 --> ( day_lab_2 )
for emp: Employee 10, ( 23-7 ) -- (8/8, w=1000, lw_b = 8 --> ( night_lab_2 )
for emp: Employee 10, ( 7-15 ) -- (8/8, w=1000, lw_b = 8 --> ( day_lab_2 )
for emp: Employee 10, ( 15-23 ) -- (4/8, w=1000, lw_b = 8 --> ( eve_lab_2 )
for emp: Employee 10, ( 7-15 ) -- (8/8, w=1000, lw_b = 8 --> ( day_lab_2 )
for emp: Employee 10, ( 7-15 ) -- (8/8, w=1000, lw_b = 8 --> ( day_lab_2 )
for emp: Employee 10, ( 7-15 ) -- (8/8, w=1000, lw_b = 8 --> ( day_lab_2 )
for emp: Employee 10, ( 15-23 ) -- (4/8, w=1000, lw_b = 8 --> ( eve_lab_2 )
for emp: Employee 10, ( 7-15 ) -- (8/8, w=1000, lw_b = 8 --> ( day_lab_2 )
for emp: Employee 10, ( 15-23 ) -- (4/8, w=1000, lw_b = 8 --> ( eve_lab_2 )
for emp: Employee 10, ( 7-15 ) -- (8/8, w=1000, lw_b = 8 --> ( day_lab_2 )
for emp: Employee 10, ( 15-23 ) -- (4/8, w=1000, lw_b = 8 --> ( eve_lab_2 )
for emp: Employee 10, ( 15-23 ) -- (4/8, w=1000, lw_b = 8 --> ( eve_lab_2 )
for emp: Employee 10, ( 23-7 ) -- (8/8, w=1000, lw_b = 8 --> ( night_lab_2 )
for emp: Employee 10, ( 23-7 ) -- (8/8, w=1000, lw_b = 8 --> ( night_lab_2 )
for emp: Employee 10, ( 7-15 ) -- (8/8, w=1000, lw_b = 8 --> ( day_lab_2 )
for emp: Employee 10, ( 15-23 ) -- (4/8, w=1000, lw_b = 8 --> ( eve_lab_2 )
for emp: Employee 10, ( 7-15 ) -- (8/8, w=1000, lw_b = 8 --> ( day_lab_2 )
for emp: Employee 10, ( 15-23 ) -- (4/8, w=1000, lw_b = 8 --> ( eve_lab_2 )
for emp: Employee 10, ( 7-15 ) -- (8/8, w=1000, lw_b = 8 --> ( day_lab_2 )
for emp: Employee 10, ( 15-23 ) -- (4/8, w=1000, lw_b = 8 --> ( eve_lab_2 )
for emp: Employee 10, ( 7-15 ) -- (8/8, w=1000, lw_b = 8 --> ( day_lab_2 )
for emp: Employee 10, ( 15-23 ) -- (4/8, w=1000, lw_b = 8 --> ( eve_lab_2 )
for emp: Employee 10, ( 7-15 ) -- (8/8, w=1000, lw_b = 8 --> ( day_lab_2 )
for emp: Employee 10, ( 15-23 ) -- (4/8, w=1000, lw_b = 8 --> ( eve_lab_2 )
for emp: Employee 10, ( 7-15 ) -- (8/8, w=1000, lw_b = 8 --> ( day_lab_2 )
for emp: Employee 10, ( 15-23 ) -- (4/8, w=1000, lw_b = 8 --> ( eve_lab_2 )
for emp: Employee 10, ( 7-15 ) -- (8/8, w=1000, lw_b = 8 --> ( day_lab_2 )
for emp: Employee 10, ( 15-23 ) -- (4/8, w=1000, lw_b = 8 --> ( eve_lab_2 )
for emp: Employee 10, ( 7-15 ) -- (8/8, w=1000, lw_b = 8 --> ( day_lab_2 )
for emp: Employee 10, ( 15-23 ) -- (4/8, w=1000, lw_b = 8 --> ( eve_lab_2 )
for emp: Employee 10, ( 7-15 ) -- (8/8, w=1000, lw_b = 8 --> ( day_lab_2 )
for emp: Employee 10, ( 15-23 ) -- (4/8, w=1000, lw_b = 8 --> ( eve_lab_2 )
for emp: Employee 10, ( 7-15 ) -- (8/8, w=1000, lw_b = 8 --> ( day_lab_2 )
for emp: Employee 10, ( 15-23 ) -- (4/8, w=1000, lw_b = 8 --> ( eve_lab_2 )
for emp: Employee 10, ( 7-15 ) -- (4/8, w=1000, lw_b = 8 --> ( day_lab_2 )
for emp: Employee 11, ( 23-7 ) -- (8/8, w=1000, lw_b = 8 --> ( night_lab_2 )
for emp: Employee 11, ( 23-7 ) -- (8/8, w=1000, lw_b = 8 --> ( night_lab_2 )
for emp: Employee 11, ( 7-15 ) -- (8/8, w=1000, lw_b = 8 --> ( day_lab_2 )
for emp: Employee 11, ( 7-15 ) -- (8/8, w=1000, lw_b = 8 --> ( day_lab_2 )
for emp: Employee 11, ( 7-15 ) -- (4/8, w=1000, lw_b = 8 --> ( day_lab_2 )
for emp: Employee 11, ( 7-15 ) -- (8/8, w=1000, lw_b = 8 --> ( day_lab_2 )
for emp: Employee 11, ( 23-7 ) -- (8/8, w=1000, lw_b = 8 --> ( night_lab_2 )
for emp: Employee 11, ( 23-7 ) -- (8/8, w=1000, lw_b = 8 --> ( night_lab_2 )
for emp: Employee 11, ( 7-15 ) -- (8/8, w=1000, lw_b = 8 --> ( day_lab_2 )
for emp: Employee 11, ( 7-15 ) -- (8/8, w=1000, lw_b = 8 --> ( day_lab_2 )
for emp: Employee 11, ( 7-15 ) -- (8/8, w=1000, lw_b = 8 --> ( day_lab_2 )
for emp: Employee 11, ( 7-15 ) -- (8/8, w=1000, lw_b = 8 --> ( day_lab_2 )
for emp: Employee 11, ( 7-15 ) -- (4/8, w=1000, lw_b = 8 --> ( day_lab_2 )
for emp: Employee 11, ( 7-15 ) -- (8/8, w=1000, lw_b = 8 --> ( day_lab_2 )
for emp: Employee 11, ( 23-7 ) -- (8/8, w=1000, lw_b = 8 --> ( night_lab_2 )
for emp: Employee 11, ( 23-7 ) -- (8/8, w=1000, lw_b = 8 --> ( night_lab_2 )
for emp: Employee 11, ( 7-15 ) -- (8/8, w=1000, lw_b = 8 --> ( day_lab_2 )
for emp: Employee 11, ( 7-15 ) -- (8/8, w=1000, lw_b = 8 --> ( day_lab_2 )
for emp: Employee 11, ( 7-15 ) -- (8/8, w=1000, lw_b = 8 --> ( day_lab_2 )
for emp: Employee 11, ( 7-15 ) -- (8/8, w=1000, lw_b = 8 --> ( day_lab_2 )
for emp: Employee 11, ( 7-15 ) -- (8/8, w=1000, lw_b = 8 --> ( day_lab_2 )
for emp: Employee 11, ( 7-15 ) -- (8/8, w=1000, lw_b = 8 --> ( day_lab_2 )
for emp: Employee 11, ( 7-15 ) -- (8/8, w=1000, lw_b = 8 --> ( day_lab_2 )
for emp: Employee 11, ( 7-15 ) -- (8/8, w=1000, lw_b = 8 --> ( day_lab_2 )
for emp: Employee 11, ( 7-15 ) -- (8/8, w=1000, lw_b = 8 --> ( day_lab_2 )
for emp: Employee 11, ( 7-15 ) -- (8/8, w=1000, lw_b = 8 --> ( day_lab_2 )
for emp: Employee 11, ( 7-15 ) -- (8/8, w=1000, lw_b = 8 --> ( day_lab_2 )
for emp: Employee 11, ( 7-15 ) -- (8/8, w=1000, lw_b = 8 --> ( day_lab_2 )
for emp: Employee 11, ( 7-15 ) -- (8/8, w=1000, lw_b = 8 --> ( day_lab_2 )
for emp: Employee 11, ( 7-15 ) -- (8/8, w=1000, lw_b = 8 --> ( day_lab_2 )
for emp: Employee 11, ( 7-15 ) -- (8/8, w=1000, lw_b = 8 --> ( day_lab_2 )
for emp: Employee 11, ( 7-15 ) -- (8/8, w=1000, lw_b = 8 --> ( day_lab_2 )
for emp: Employee 11, ( 7-15 ) -- (8/8, w=1000, lw_b = 8 --> ( day_lab_2 )
for emp: Employee 11, ( 7-15 ) -- (8/8, w=1000, lw_b = 8 --> ( day_lab_2 )
for emp: Employee 11, ( 7-15 ) -- (8/8, w=1000, lw_b = 8 --> ( day_lab_2 )
for emp: Employee 11, ( 7-15 ) -- (8/8, w=1000, lw_b = 8 --> ( day_lab_2 )
for emp: Employee 11, ( 7-15 ) -- (8/8, w=1000, lw_b = 8 --> ( day_lab_2 )
for emp: Employee 11, ( 7-15 ) -- (8/8, w=1000, lw_b = 8 --> ( day_lab_2 )
for emp: Employee 12, ( 15-23 ) -- (4/8, w=1000, lw_b = 8 --> ( eve_lab_2 )
for emp: Employee 12, ( 23-7 ) -- (8/8, w=1000, lw_b = 8 --> ( night_lab_2 )
for emp: Employee 12, ( 23-7 ) -- (8/8, w=1000, lw_b = 8 --> ( night_lab_2 )
for emp: Employee 12, ( 23-7 ) -- (8/8, w=1000, lw_b = 8 --> ( night_lab_2 )
for emp: Employee 12, ( 15-23 ) -- (8/8, w=1000, lw_b = 8 --> ( eve_lab_2 )
for emp: Employee 12, ( 15-23 ) -- (4/8, w=1000, lw_b = 8 --> ( eve_lab_2 )
for emp: Employee 12, ( 23-7 ) -- (8/8, w=1000, lw_b = 8 --> ( night_lab_2 )
for emp: Employee 12, ( 23-7 ) -- (8/8, w=1000, lw_b = 8 --> ( night_lab_2 )
for emp: Employee 12, ( 7-15 ) -- (8/8, w=1000, lw_b = 8 --> ( day_lab_2 )
for emp: Employee 12, ( 15-23 ) -- (8/8, w=1000, lw_b = 8 --> ( eve_lab_2 )
for emp: Employee 12, ( 15-23 ) -- (4/8, w=1000, lw_b = 8 --> ( eve_lab_2 )
for emp: Employee 12, ( 23-7 ) -- (8/8, w=1000, lw_b = 8 --> ( night_lab_2 )
for emp: Employee 12, ( 15-23 ) -- (8/8, w=1000, lw_b = 8 --> ( eve_lab_2 )
for emp: Employee 12, ( 23-7 ) -- (8/8, w=1000, lw_b = 8 --> ( night_lab_2 )
for emp: Employee 12, ( 7-15 ) -- (8/8, w=1000, lw_b = 8 --> ( day_lab_2 )
for emp: Employee 12, ( 7-15 ) -- (8/8, w=1000, lw_b = 8 --> ( day_lab_2 )
for emp: Employee 12, ( 15-23 ) -- (4/8, w=1000, lw_b = 8 --> ( eve_lab_2 )
for emp: Employee 12, ( 15-23 ) -- (8/8, w=1000, lw_b = 8 --> ( eve_lab_2 )
for emp: Employee 12, ( 15-23 ) -- (8/8, w=1000, lw_b = 8 --> ( eve_lab_2 )
for emp: Employee 12, ( 15-23 ) -- (8/8, w=1000, lw_b = 8 --> ( eve_lab_2 )
for emp: Employee 12, ( 15-23 ) -- (8/8, w=1000, lw_b = 8 --> ( eve_lab_2 )
for emp: Employee 12, ( 15-23 ) -- (8/8, w=1000, lw_b = 8 --> ( eve_lab_2 )
for emp: Employee 12, ( 15-23 ) -- (8/8, w=1000, lw_b = 8 --> ( eve_lab_2 )
for emp: Employee 12, ( 15-23 ) -- (8/8, w=1000, lw_b = 8 --> ( eve_lab_2 )
for emp: Employee 12, ( 15-23 ) -- (8/8, w=1000, lw_b = 8 --> ( eve_lab_2 )
for emp: Employee 12, ( 15-23 ) -- (8/8, w=1000, lw_b = 8 --> ( eve_lab_2 )
for emp: Employee 12, ( 15-23 ) -- (8/8, w=1000, lw_b = 8 --> ( eve_lab_2 )
for emp: Employee 12, ( 15-23 ) -- (8/8, w=1000, lw_b = 8 --> ( eve_lab_2 )
for emp: Employee 12, ( 15-23 ) -- (8/8, w=1000, lw_b = 8 --> ( eve_lab_2 )
for emp: Employee 12, ( 15-23 ) -- (8/8, w=1000, lw_b = 8 --> ( eve_lab_2 )
for emp: Employee 12, ( 15-23 ) -- (8/8, w=1000, lw_b = 8 --> ( eve_lab_2 )
for emp: Employee 12, ( 15-23 ) -- (8/8, w=1000, lw_b = 8 --> ( eve_lab_2 )
for emp: Employee 12, ( 15-23 ) -- (8/8, w=1000, lw_b = 8 --> ( eve_lab_2 )
for emp: Employee 12, ( 15-23 ) -- (4/8, w=1000, lw_b = 8 --> ( eve_lab_2 )
for emp: Employee 12, ( 15-23 ) -- (8/8, w=1000, lw_b = 8 --> ( eve_lab_2 )
for emp: Employee 12, ( 15-23 ) -- (8/8, w=1000, lw_b = 8 --> ( eve_lab_2 )
for emp: Employee 12, ( 15-23 ) -- (8/8, w=1000, lw_b = 8 --> ( eve_lab_2 )
for emp: Employee 12, ( 15-23 ) -- (8/8, w=1000, lw_b = 8 --> ( eve_lab_2 )
for emp: Employee 12, ( 15-23 ) -- (8/8, w=1000, lw_b = 8 --> ( eve_lab_2 )
for emp: Employee 12, ( 15-23 ) -- (4/8, w=1000, lw_b = 8 --> ( eve_lab_2 )
for emp: Employee 13, ( 7-15 ) -- (8/8, w=1000, lw_b = 8 --> ( day_mat_1 )
for emp: Employee 13, ( 7-15 ) -- (8/8, w=1000, lw_b = 8 --> ( day_mat_1 )
for emp: Employee 13, ( 15-23 ) -- (4/8, w=1000, lw_b = 8 --> ( eve_mat_1 )
for emp: Employee 13, ( 7-15 ) -- (8/8, w=1000, lw_b = 8 --> ( day_mat_1 )
for emp: Employee 13, ( 7-15 ) -- (8/8, w=1000, lw_b = 8 --> ( day_mat_1 )
for emp: Employee 13, ( 15-23 ) -- (4/8, w=1000, lw_b = 8 --> ( eve_mat_1 )
for emp: Employee 13, ( 7-15 ) -- (8/8, w=1000, lw_b = 8 --> ( day_mat_1 )
for emp: Employee 13, ( 15-23 ) -- (4/8, w=1000, lw_b = 8 --> ( eve_mat_1 )
for emp: Employee 13, ( 7-15 ) -- (8/8, w=1000, lw_b = 8 --> ( day_mat_1 )
for emp: Employee 13, ( 15-23 ) -- (4/8, w=1000, lw_b = 8 --> ( eve_mat_1 )
for emp: Employee 13, ( 7-15 ) -- (8/8, w=1000, lw_b = 8 --> ( day_mat_1 )
for emp: Employee 13, ( 15-23 ) -- (4/8, w=1000, lw_b = 8 --> ( eve_mat_1 )
for emp: Employee 13, ( 7-15 ) -- (8/8, w=1000, lw_b = 8 --> ( day_mat_1 )
for emp: Employee 13, ( 7-15 ) -- (8/8, w=1000, lw_b = 8 --> ( day_mat_1 )
for emp: Employee 13, ( 15-23 ) -- (4/8, w=1000, lw_b = 8 --> ( eve_mat_1 )
for emp: Employee 13, ( 7-15 ) -- (8/8, w=1000, lw_b = 8 --> ( day_mat_1 )
for emp: Employee 13, ( 7-15 ) -- (8/8, w=1000, lw_b = 8 --> ( day_mat_1 )
for emp: Employee 13, ( 15-23 ) -- (4/8, w=1000, lw_b = 8 --> ( eve_mat_1 )
for emp: Employee 13, ( 7-15 ) -- (8/8, w=1000, lw_b = 8 --> ( day_mat_1 )
for emp: Employee 13, ( 15-23 ) -- (4/8, w=1000, lw_b = 8 --> ( eve_mat_1 )
for emp: Employee 13, ( 7-15 ) -- (8/8, w=1000, lw_b = 8 --> ( day_mat_1 )
for emp: Employee 13, ( 15-23 ) -- (4/8, w=1000, lw_b = 8 --> ( eve_mat_1 )
for emp: Employee 13, ( 7-15 ) -- (8/8, w=1000, lw_b = 8 --> ( day_mat_1 )
for emp: Employee 13, ( 15-23 ) -- (4/8, w=1000, lw_b = 8 --> ( eve_mat_1 )
for emp: Employee 13, ( 7-15 ) -- (8/8, w=1000, lw_b = 8 --> ( day_mat_1 )
for emp: Employee 13, ( 7-15 ) -- (8/8, w=1000, lw_b = 8 --> ( day_mat_1 )
for emp: Employee 13, ( 15-23 ) -- (4/8, w=1000, lw_b = 8 --> ( eve_mat_1 )
for emp: Employee 13, ( 7-15 ) -- (8/8, w=1000, lw_b = 8 --> ( day_mat_1 )
for emp: Employee 13, ( 7-15 ) -- (8/8, w=1000, lw_b = 8 --> ( day_mat_1 )
for emp: Employee 13, ( 15-23 ) -- (4/8, w=1000, lw_b = 8 --> ( eve_mat_1 )
for emp: Employee 13, ( 7-15 ) -- (8/8, w=1000, lw_b = 8 --> ( day_mat_1 )
for emp: Employee 13, ( 15-23 ) -- (4/8, w=1000, lw_b = 8 --> ( eve_mat_1 )
for emp: Employee 13, ( 7-15 ) -- (8/8, w=1000, lw_b = 8 --> ( day_mat_1 )
for emp: Employee 13, ( 15-23 ) -- (4/8, w=1000, lw_b = 8 --> ( eve_mat_1 )
for emp: Employee 13, ( 7-15 ) -- (8/8, w=1000, lw_b = 8 --> ( day_mat_1 )
for emp: Employee 13, ( 15-23 ) -- (4/8, w=1000, lw_b = 8 --> ( eve_mat_1 )
for emp: Employee 13, ( 7-15 ) -- (8/8, w=1000, lw_b = 8 --> ( day_mat_1 )
for emp: Employee 13, ( 7-15 ) -- (8/8, w=1000, lw_b = 8 --> ( day_mat_1 )
for emp: Employee 13, ( 15-23 ) -- (4/8, w=1000, lw_b = 8 --> ( eve_mat_1 )
for emp: Employee 13, ( 7-15 ) -- (8/8, w=1000, lw_b = 8 --> ( day_mat_1 )
for emp: Employee 13, ( 15-23 ) -- (4/8, w=1000, lw_b = 8 --> ( eve_mat_1 )
for emp: Employee 13, ( 7-15 ) -- (8/8, w=1000, lw_b = 8 --> ( day_mat_1 )
for emp: Employee 13, ( 15-23 ) -- (4/8, w=1000, lw_b = 8 --> ( eve_mat_1 )
for emp: Employee 13, ( 7-15 ) -- (8/8, w=1000, lw_b = 8 --> ( day_mat_1 )
for emp: Employee 13, ( 15-23 ) -- (4/8, w=1000, lw_b = 8 --> ( eve_mat_1 )
for emp: Employee 13, ( 7-15 ) -- (8/8, w=1000, lw_b = 8 --> ( day_mat_1 )
for emp: Employee 13, ( 15-23 ) -- (4/8, w=1000, lw_b = 8 --> ( eve_mat_1 )
for emp: Employee 14, ( 15-23 ) -- (8/8, w=1000, lw_b = 8 --> ( eve_mat_1 )
for emp: Employee 14, ( 15-23 ) -- (8/8, w=1000, lw_b = 8 --> ( eve_mat_1 )
for emp: Employee 14, ( 15-23 ) -- (8/8, w=1000, lw_b = 8 --> ( eve_mat_1 )
for emp: Employee 14, ( 15-23 ) -- (8/8, w=1000, lw_b = 8 --> ( eve_mat_1 )
for emp: Employee 14, ( 15-23 ) -- (8/8, w=1000, lw_b = 8 --> ( eve_mat_1 )
for emp: Employee 14, ( 15-23 ) -- (8/8, w=1000, lw_b = 8 --> ( eve_mat_1 )
for emp: Employee 14, ( 15-23 ) -- (8/8, w=1000, lw_b = 8 --> ( eve_mat_1 )
for emp: Employee 14, ( 15-23 ) -- (8/8, w=1000, lw_b = 8 --> ( eve_mat_1 )
for emp: Employee 14, ( 15-23 ) -- (8/8, w=1000, lw_b = 8 --> ( eve_mat_1 )
for emp: Employee 14, ( 15-23 ) -- (8/8, w=1000, lw_b = 8 --> ( eve_mat_1 )
for emp: Employee 14, ( 15-23 ) -- (8/8, w=1000, lw_b = 8 --> ( eve_mat_1 )
for emp: Employee 14, ( 15-23 ) -- (8/8, w=1000, lw_b = 8 --> ( eve_mat_1 )
for emp: Employee 14, ( 15-23 ) -- (8/8, w=1000, lw_b = 8 --> ( eve_mat_1 )
for emp: Employee 14, ( 15-23 ) -- (8/8, w=1000, lw_b = 8 --> ( eve_mat_1 )
for emp: Employee 14, ( 15-23 ) -- (8/8, w=1000, lw_b = 8 --> ( eve_mat_1 )
for emp: Employee 14, ( 15-23 ) -- (8/8, w=1000, lw_b = 8 --> ( eve_mat_1 )
for emp: Employee 14, ( 15-23 ) -- (8/8, w=1000, lw_b = 8 --> ( eve_mat_1 )
for emp: Employee 14, ( 15-23 ) -- (8/8, w=1000, lw_b = 8 --> ( eve_mat_1 )
for emp: Employee 14, ( 15-23 ) -- (8/8, w=1000, lw_b = 8 --> ( eve_mat_1 )
for emp: Employee 14, ( 15-23 ) -- (8/8, w=1000, lw_b = 8 --> ( eve_mat_1 )
for emp: Employee 14, ( 15-23 ) -- (8/8, w=1000, lw_b = 8 --> ( eve_mat_1 )
for emp: Employee 14, ( 15-23 ) -- (8/8, w=1000, lw_b = 8 --> ( eve_mat_1 )
for emp: Employee 14, ( 15-23 ) -- (8/8, w=1000, lw_b = 8 --> ( eve_mat_1 )
for emp: Employee 14, ( 15-23 ) -- (8/8, w=1000, lw_b = 8 --> ( eve_mat_1 )
for emp: Employee 14, ( 15-23 ) -- (8/8, w=1000, lw_b = 8 --> ( eve_mat_1 )
for emp: Employee 14, ( 15-23 ) -- (8/8, w=1000, lw_b = 8 --> ( eve_mat_1 )
for emp: Employee 15, ( 15-23 ) -- (8/8, w=1000, lw_b = 8 --> ( eve_mat_1 )
for emp: Employee 15, ( 15-23 ) -- (8/8, w=1000, lw_b = 8 --> ( eve_mat_1 )
for emp: Employee 15, ( 15-23 ) -- (8/8, w=1000, lw_b = 8 --> ( eve_mat_1 )
for emp: Employee 15, ( 15-23 ) -- (8/8, w=1000, lw_b = 8 --> ( eve_mat_1 )
for emp: Employee 15, ( 15-23 ) -- (8/8, w=1000, lw_b = 8 --> ( eve_mat_1 )
for emp: Employee 15, ( 15-23 ) -- (8/8, w=1000, lw_b = 8 --> ( eve_mat_1 )
for emp: Employee 15, ( 15-23 ) -- (8/8, w=1000, lw_b = 8 --> ( eve_mat_1 )
for emp: Employee 15, ( 15-23 ) -- (8/8, w=1000, lw_b = 8 --> ( eve_mat_1 )
for emp: Employee 15, ( 15-23 ) -- (8/8, w=1000, lw_b = 8 --> ( eve_mat_1 )
for emp: Employee 15, ( 15-23 ) -- (8/8, w=1000, lw_b = 8 --> ( eve_mat_1 )
for emp: Employee 15, ( 15-23 ) -- (8/8, w=1000, lw_b = 8 --> ( eve_mat_1 )
for emp: Employee 15, ( 15-23 ) -- (8/8, w=1000, lw_b = 8 --> ( eve_mat_1 )
for emp: Employee 15, ( 15-23 ) -- (8/8, w=1000, lw_b = 8 --> ( eve_mat_1 )
for emp: Employee 15, ( 15-23 ) -- (8/8, w=1000, lw_b = 8 --> ( eve_mat_1 )
for emp: Employee 15, ( 15-23 ) -- (8/8, w=1000, lw_b = 8 --> ( eve_mat_1 )
for emp: Employee 15, ( 15-23 ) -- (8/8, w=1000, lw_b = 8 --> ( eve_mat_1 )
for emp: Employee 15, ( 15-23 ) -- (8/8, w=1000, lw_b = 8 --> ( eve_mat_1 )
for emp: Employee 15, ( 15-23 ) -- (8/8, w=1000, lw_b = 8 --> ( eve_mat_1 )
for emp: Employee 15, ( 15-23 ) -- (8/8, w=1000, lw_b = 8 --> ( eve_mat_1 )
for emp: Employee 15, ( 15-23 ) -- (8/8, w=1000, lw_b = 8 --> ( eve_mat_1 )
for emp: Employee 15, ( 15-23 ) -- (8/8, w=1000, lw_b = 8 --> ( eve_mat_1 )
for emp: Employee 15, ( 15-23 ) -- (8/8, w=1000, lw_b = 8 --> ( eve_mat_1 )
for emp: Employee 15, ( 15-23 ) -- (8/8, w=1000, lw_b = 8 --> ( eve_mat_1 )
for emp: Employee 15, ( 15-23 ) -- (8/8, w=1000, lw_b = 8 --> ( eve_mat_1 )
for emp: Employee 15, ( 15-23 ) -- (8/8, w=1000, lw_b = 8 --> ( eve_mat_1 )
for emp: Employee 15, ( 15-23 ) -- (8/8, w=1000, lw_b = 8 --> ( eve_mat_1 )
for emp: Employee 15, ( 15-23 ) -- (8/8, w=1000, lw_b = 8 --> ( eve_mat_1 )
for emp: Employee 15, ( 15-23 ) -- (8/8, w=1000, lw_b = 8 --> ( eve_mat_1 )
for emp: Employee 15, ( 15-23 ) -- (8/8, w=1000, lw_b = 8 --> ( eve_mat_1 )
for emp: Employee 15, ( 15-23 ) -- (8/8, w=1000, lw_b = 8 --> ( eve_mat_1 )
for emp: Employee 16, ( 15-23 ) -- (8/8, w=1000, lw_b = 8 --> ( eve_mat_1 )
for emp: Employee 16, ( 15-23 ) -- (4/8, w=1000, lw_b = 8 --> ( eve_mat_1 )
for emp: Employee 16, ( 23-7 ) -- (8/8, w=1000, lw_b = 8 --> ( night_mat_1 )
for emp: Employee 16, ( 23-7 ) -- (8/8, w=1000, lw_b = 8 --> ( night_mat_1 )
for emp: Employee 16, ( 7-15 ) -- (8/8, w=1000, lw_b = 8 --> ( day_mat_1 )
for emp: Employee 16, ( 15-23 ) -- (4/8, w=1000, lw_b = 8 --> ( eve_mat_1 )
for emp: Employee 16, ( 7-15 ) -- (8/8, w=1000, lw_b = 8 --> ( day_mat_1 )
for emp: Employee 16, ( 15-23 ) -- (4/8, w=1000, lw_b = 8 --> ( eve_mat_1 )
for emp: Employee 16, ( 7-15 ) -- (8/8, w=1000, lw_b = 8 --> ( day_mat_1 )
for emp: Employee 16, ( 15-23 ) -- (4/8, w=1000, lw_b = 8 --> ( eve_mat_1 )
for emp: Employee 16, ( 15-23 ) -- (8/8, w=1000, lw_b = 8 --> ( eve_mat_1 )
for emp: Employee 16, ( 15-23 ) -- (4/8, w=1000, lw_b = 8 --> ( eve_mat_1 )
for emp: Employee 16, ( 23-7 ) -- (8/8, w=1000, lw_b = 8 --> ( night_mat_1 )
for emp: Employee 16, ( 23-7 ) -- (4/8, w=1000, lw_b = 8 --> ( night_mat_1 )
for emp: Employee 16, ( 15-23 ) -- (8/8, w=1000, lw_b = 8 --> ( eve_mat_1 )
for emp: Employee 17, ( 7-15 ) -- (8/8, w=1000, lw_b = 8 --> ( day_mat_1 )
for emp: Employee 17, ( 15-23 ) -- (4/8, w=1000, lw_b = 8 --> ( eve_mat_1 )
for emp: Employee 17, ( 7-15 ) -- (8/8, w=1000, lw_b = 8 --> ( day_mat_1 )
for emp: Employee 17, ( 15-23 ) -- (4/8, w=1000, lw_b = 8 --> ( eve_mat_1 )
for emp: Employee 17, ( 7-15 ) -- (8/8, w=1000, lw_b = 8 --> ( day_mat_1 )
for emp: Employee 17, ( 15-23 ) -- (4/8, w=1000, lw_b = 8 --> ( eve_mat_1 )
for emp: Employee 17, ( 7-15 ) -- (8/8, w=1000, lw_b = 8 --> ( day_mat_1 )
for emp: Employee 17, ( 15-23 ) -- (4/8, w=1000, lw_b = 8 --> ( eve_mat_1 )
for emp: Employee 18, ( 7-15 ) -- (8/8, w=1000, lw_b = 8 --> ( day_mat_2 )
for emp: Employee 18, ( 15-23 ) -- (8/8, w=1000, lw_b = 8 --> ( eve_mat_2 )
for emp: Employee 18, ( 15-23 ) -- (8/8, w=1000, lw_b = 8 --> ( eve_mat_2 )
for emp: Employee 18, ( 15-23 ) -- (8/8, w=1000, lw_b = 8 --> ( eve_mat_2 )
for emp: Employee 18, ( 15-23 ) -- (8/8, w=1000, lw_b = 8 --> ( eve_mat_2 )
for emp: Employee 18, ( 15-23 ) -- (8/8, w=1000, lw_b = 8 --> ( eve_mat_2 )
for emp: Employee 18, ( 15-23 ) -- (8/8, w=1000, lw_b = 8 --> ( eve_mat_2 )
for emp: Employee 18, ( 15-23 ) -- (8/8, w=1000, lw_b = 8 --> ( eve_mat_2 )
for emp: Employee 18, ( 15-23 ) -- (8/8, w=1000, lw_b = 8 --> ( eve_mat_2 )
for emp: Employee 18, ( 15-23 ) -- (8/8, w=1000, lw_b = 8 --> ( eve_mat_2 )
for emp: Employee 19, ( 7-15 ) -- (8/8, w=1000, lw_b = 8 --> ( day_mat_2 )
for emp: Employee 19, ( 7-15 ) -- (8/8, w=1000, lw_b = 8 --> ( day_mat_2 )
for emp: Employee 19, ( 7-15 ) -- (8/8, w=1000, lw_b = 8 --> ( day_mat_2 )
for emp: Employee 19, ( 15-23 ) -- (4/8, w=1000, lw_b = 8 --> ( eve_mat_2 )
for emp: Employee 19, ( 23-7 ) -- (4/8, w=1000, lw_b = 8 --> ( night_mat_2 )
for emp: Employee 20, ( 15-23 ) -- (8/8, w=1000, lw_b = 8 --> ( eve_mat_1 )
for emp: Employee 20, ( 7-15 ) -- (8/8, w=1000, lw_b = 8 --> ( day_mat_1 )
for emp: Employee 20, ( 15-23 ) -- (8/8, w=1000, lw_b = 8 --> ( eve_mat_1 )
for emp: Employee 20, ( 15-23 ) -- (8/8, w=1000, lw_b = 8 --> ( eve_mat_1 )
for emp: Employee 21, ( 7-15 ) -- (8/8, w=1000, lw_b = 8 --> ( day_lab_2 )
for emp: Employee 21, ( 15-23 ) -- (4/8, w=1000, lw_b = 8 --> ( eve_lab_2 )
for emp: Employee 21, ( 7-15 ) -- (8/8, w=1000, lw_b = 8 --> ( day_lab_2 )
for emp: Employee 21, ( 15-23 ) -- (4/8, w=1000, lw_b = 8 --> ( eve_lab_2 )
for emp: Employee 21, ( 7-15 ) -- (8/8, w=1000, lw_b = 8 --> ( day_lab_2 )
for emp: Employee 21, ( 15-23 ) -- (4/8, w=1000, lw_b = 8 --> ( eve_lab_2 )
for emp: Employee 21, ( 7-15 ) -- (8/8, w=1000, lw_b = 8 --> ( day_lab_2 )
for emp: Employee 21, ( 15-23 ) -- (4/8, w=1000, lw_b = 8 --> ( eve_lab_2 )
for emp: Employee 21, ( 7-15 ) -- (8/8, w=1000, lw_b = 8 --> ( day_lab_2 )
for emp: Employee 21, ( 15-23 ) -- (4/8, w=1000, lw_b = 8 --> ( eve_lab_2 )
for emp: Employee 21, ( 15-23 ) -- (4/8, w=1000, lw_b = 8 --> ( eve_lab_2 )
for emp: Employee 21, ( 15-23 ) -- (4/8, w=1000, lw_b = 8 --> ( eve_lab_2 )
for emp: Employee 21, ( 15-23 ) -- (8/8, w=1000, lw_b = 8 --> ( eve_lab_2 )
for emp: Employee 21, ( 15-23 ) -- (8/8, w=1000, lw_b = 8 --> ( eve_lab_2 )
for emp: Employee 21, ( 7-15 ) -- (8/8, w=1000, lw_b = 8 --> ( day_lab_2 )
for emp: Employee 21, ( 15-23 ) -- (4/8, w=1000, lw_b = 8 --> ( eve_lab_2 )
for emp: Employee 21, ( 15-23 ) -- (8/8, w=1000, lw_b = 8 --> ( eve_lab_2 )
for emp: Employee 21, ( 15-23 ) -- (8/8, w=1000, lw_b = 8 --> ( eve_lab_2 )
for emp: Employee 21, ( 15-23 ) -- (4/8, w=1000, lw_b = 8 --> ( eve_lab_2 )
for emp: Employee 21, ( 15-23 ) -- (4/8, w=1000, lw_b = 8 --> ( eve_lab_2 )
for emp: Employee 21, ( 7-15 ) -- (8/8, w=1000, lw_b = 8 --> ( day_lab_2 )
for emp: Employee 21, ( 15-23 ) -- (4/8, w=1000, lw_b = 8 --> ( eve_lab_2 )
for emp: Employee 21, ( 7-15 ) -- (8/8, w=1000, lw_b = 8 --> ( day_lab_2 )
for emp: Employee 21, ( 15-23 ) -- (4/8, w=1000, lw_b = 8 --> ( eve_lab_2 )
for emp: Employee 22, ( 7-15 ) -- (8/8, w=1000, lw_b = 8 --> ( day_mat_2 )
for emp: Employee 22, ( 7-15 ) -- (8/8, w=1000, lw_b = 8 --> ( day_mat_2 )
for emp: Employee 22, ( 7-15 ) -- (8/8, w=1000, lw_b = 8 --> ( day_mat_2 )
for emp: Employee 22, ( 15-23 ) -- (4/8, w=1000, lw_b = 8 --> ( eve_mat_2 )
for emp: Employee 22, ( 23-7 ) -- (8/8, w=1000, lw_b = 8 --> ( night_mat_2 )
for emp: Employee 22, ( 7-15 ) -- (8/8, w=1000, lw_b = 8 --> ( day_lab_2 )
for emp: Employee 22, ( 15-23 ) -- (4/8, w=1000, lw_b = 8 --> ( eve_lab_2 )
for emp: Employee 22, ( 7-15 ) -- (8/8, w=1000, lw_b = 8 --> ( day_mat_2 )
for emp: Employee 22, ( 15-23 ) -- (4/8, w=1000, lw_b = 8 --> ( eve_mat_2 )
for emp: Employee 22, ( 7-15 ) -- (8/8, w=1000, lw_b = 8 --> ( day_mat_2 )
for emp: Employee 22, ( 7-15 ) -- (8/8, w=1000, lw_b = 8 --> ( day_mat_2 )
for emp: Employee 22, ( 7-15 ) -- (8/8, w=1000, lw_b = 8 --> ( day_mat_2 )
for emp: Employee 22, ( 15-23 ) -- (4/8, w=1000, lw_b = 8 --> ( eve_mat_2 )
for emp: Employee 22, ( 7-15 ) -- (8/8, w=1000, lw_b = 8 --> ( day_mat_2 )
for emp: Employee 22, ( 15-23 ) -- (4/8, w=1000, lw_b = 8 --> ( eve_mat_2 )
for emp: Employee 22, ( 7-15 ) -- (8/8, w=1000, lw_b = 8 --> ( day_mat_2 )
for emp: Employee 22, ( 15-23 ) -- (4/8, w=1000, lw_b = 8 --> ( eve_mat_2 )
for emp: Employee 22, ( 7-15 ) -- (8/8, w=1000, lw_b = 8 --> ( day_mat_2 )
for emp: Employee 22, ( 15-23 ) -- (4/8, w=1000, lw_b = 8 --> ( eve_mat_2 )
for emp: Employee 22, ( 7-15 ) -- (8/8, w=1000, lw_b = 8 --> ( day_mat_2 )
for emp: Employee 22, ( 15-23 ) -- (4/8, w=1000, lw_b = 8 --> ( eve_mat_2 )
for emp: Employee 22, ( 7-15 ) -- (8/8, w=1000, lw_b = 8 --> ( day_mat_2 )
for emp: Employee 22, ( 7-15 ) -- (4/8, w=1000, lw_b = 8 --> ( day_mat_2 )
for emp: Employee 22, ( 7-15 ) -- (8/8, w=1000, lw_b = 8 --> ( day_lab_2 )
for emp: Employee 22, ( 15-23 ) -- (4/8, w=1000, lw_b = 8 --> ( eve_lab_2 )
for emp: Employee 22, ( 15-23 ) -- (4/8, w=1000, lw_b = 8 --> ( eve_lab_2 )
for emp: Employee 22, ( 15-23 ) -- (8/8, w=1000, lw_b = 8 --> ( eve_lab_2 )
for emp: Employee 22, ( 7-15 ) -- (8/8, w=1000, lw_b = 8 --> ( day_lab_2 )
for emp: Employee 22, ( 15-23 ) -- (4/8, w=1000, lw_b = 8 --> ( eve_lab_2 )
for emp: Employee 22, ( 15-23 ) -- (8/8, w=1000, lw_b = 8 --> ( eve_lab_2 )
for emp: Employee 22, ( 15-23 ) -- (4/8, w=1000, lw_b = 8 --> ( eve_lab_2 )
for emp: Employee 22, ( 15-23 ) -- (8/8, w=1000, lw_b = 8 --> ( eve_lab_2 )
for emp: Employee 22, ( 7-15 ) -- (8/8, w=1000, lw_b = 8 --> ( day_lab_2 )
for emp: Employee 22, ( 15-23 ) -- (4/8, w=1000, lw_b = 8 --> ( eve_lab_2 )
for emp: Employee 23, ( 7-15 ) -- (8/8, w=1000, lw_b = 8 --> ( day_mat_2 )
for emp: Employee 23, ( 7-15 ) -- (8/8, w=1000, lw_b = 8 --> ( day_mat_2 )
for emp: Employee 23, ( 7-15 ) -- (8/8, w=1000, lw_b = 8 --> ( day_mat_2 )
for emp: Employee 23, ( 23-7 ) -- (8/8, w=1000, lw_b = 8 --> ( night_mat_2 )
for emp: Employee 23, ( 23-7 ) -- (8/8, w=1000, lw_b = 8 --> ( night_mat_2 )
for emp: Employee 23, ( 23-7 ) -- (8/8, w=1000, lw_b = 8 --> ( night_mat_2 )
for emp: Employee 23, ( 23-7 ) -- (8/8, w=1000, lw_b = 8 --> ( night_mat_2 )
for emp: Employee 23, ( 23-7 ) -- (8/8, w=1000, lw_b = 8 --> ( night_lab_2 )
for emp: Employee 23, ( 23-7 ) -- (8/8, w=1000, lw_b = 8 --> ( night_lab_2 )
for emp: Employee 23, ( 23-7 ) -- (8/8, w=1000, lw_b = 8 --> ( night_mat_2 )
for emp: Employee 23, ( 23-7 ) -- (8/8, w=1000, lw_b = 8 --> ( night_mat_2 )
for emp: Employee 23, ( 23-7 ) -- (8/8, w=1000, lw_b = 8 --> ( night_mat_2 )
for emp: Employee 23, ( 23-7 ) -- (8/8, w=1000, lw_b = 8 --> ( night_mat_2 )
for emp: Employee 23, ( 23-7 ) -- (8/8, w=1000, lw_b = 8 --> ( night_mat_2 )
for emp: Employee 23, ( 23-7 ) -- (8/8, w=1000, lw_b = 8 --> ( night_lab_2 )
for emp: Employee 23, ( 23-7 ) -- (8/8, w=1000, lw_b = 8 --> ( night_lab_2 )
for emp: Employee 23, ( 23-7 ) -- (8/8, w=1000, lw_b = 8 --> ( night_lab_2 )
for emp: Employee 23, ( 23-7 ) -- (8/8, w=1000, lw_b = 8 --> ( night_lab_2 )
for emp: Employee 23, ( 23-7 ) -- (8/8, w=1000, lw_b = 8 --> ( night_mat_2 )
for emp: Employee 23, ( 23-7 ) -- (8/8, w=1000, lw_b = 8 --> ( night_mat_2 )
for emp: Employee 23, ( 23-7 ) -- (8/8, w=1000, lw_b = 8 --> ( night_mat_2 )
for emp: Employee 23, ( 23-7 ) -- (8/8, w=1000, lw_b = 8 --> ( night_mat_2 )
for emp: Employee 23, ( 15-23 ) -- (8/8, w=1000, lw_b = 8 --> ( eve_lab_2 )
for emp: Employee 24, ( 7-15 ) -- (8/8, w=1000, lw_b = 8 --> ( day_mat_1 )
for emp: Employee 24, ( 7-15 ) -- (8/8, w=1000, lw_b = 8 --> ( day_mat_1 )
for emp: Employee 24, ( 7-15 ) -- (8/8, w=1000, lw_b = 8 --> ( day_mat_1 )
for emp: Employee 24, ( 7-15 ) -- (4/8, w=1000, lw_b = 8 --> ( day_lab_1 )
for emp: Employee 24, ( 15-23 ) -- (8/8, w=1000, lw_b = 8 --> ( eve_lab_1 )
for emp: Employee 24, ( 15-23 ) -- (8/8, w=1000, lw_b = 8 --> ( eve_lab_1 )
for emp: Employee 24, ( 15-23 ) -- (8/8, w=1000, lw_b = 8 --> ( eve_lab_1 )
for emp: Employee 24, ( 15-23 ) -- (8/8, w=1000, lw_b = 8 --> ( eve_lab_1 )
for emp: Employee 24, ( 15-23 ) -- (4/8, w=1000, lw_b = 8 --> ( eve_lab_1 )
for emp: Employee 24, ( 15-23 ) -- (8/8, w=1000, lw_b = 8 --> ( eve_lab_1 )
for emp: Employee 24, ( 15-23 ) -- (8/8, w=1000, lw_b = 8 --> ( eve_lab_1 )
for emp: Employee 24, ( 15-23 ) -- (8/8, w=1000, lw_b = 8 --> ( eve_lab_1 )
for emp: Employee 24, ( 15-23 ) -- (8/8, w=1000, lw_b = 8 --> ( eve_lab_1 )
for emp: Employee 24, ( 15-23 ) -- (8/8, w=1000, lw_b = 8 --> ( eve_lab_1 )
for emp: Employee 24, ( 15-23 ) -- (8/8, w=1000, lw_b = 8 --> ( eve_lab_1 )
for emp: Employee 24, ( 15-23 ) -- (4/8, w=1000, lw_b = 8 --> ( eve_lab_1 )
for emp: Employee 24, ( 23-7 ) -- (8/8, w=1000, lw_b = 8 --> ( night_lab_1 )
for emp: Employee 24, ( 7-15 ) -- (8/8, w=1000, lw_b = 8 --> ( day_lab_1 )
for emp: Employee 24, ( 15-23 ) -- (4/8, w=1000, lw_b = 8 --> ( eve_lab_1 )
for emp: Employee 24, ( 15-23 ) -- (8/8, w=1000, lw_b = 8 --> ( eve_lab_1 )
for emp: Employee 24, ( 15-23 ) -- (8/8, w=1000, lw_b = 8 --> ( eve_lab_1 )
for emp: Employee 24, ( 15-23 ) -- (8/8, w=1000, lw_b = 8 --> ( eve_lab_1 )
for emp: Employee 24, ( 15-23 ) -- (4/8, w=1000, lw_b = 8 --> ( eve_lab_1 )
for emp: Employee 24, ( 15-23 ) -- (8/8, w=1000, lw_b = 8 --> ( eve_lab_1 )
for emp: Employee 24, ( 15-23 ) -- (4/8, w=1000, lw_b = 8 --> ( eve_lab_1 )
for emp: Employee 25, ( 23-7 ) -- (8/8, w=1000, lw_b = 8 --> ( night_mat_2 )
for emp: Employee 25, ( 23-7 ) -- (8/8, w=1000, lw_b = 8 --> ( night_mat_2 )
for emp: Employee 25, ( 23-7 ) -- (8/8, w=1000, lw_b = 8 --> ( night_mat_2 )
for emp: Employee 25, ( 23-7 ) -- (4/8, w=1000, lw_b = 8 --> ( night_mat_2 )
for emp: Employee 25, ( 7-15 ) -- (8/8, w=1000, lw_b = 8 --> ( day_lab_2 )
for emp: Employee 25, ( 15-23 ) -- (4/8, w=1000, lw_b = 8 --> ( eve_lab_2 )
for emp: Employee 25, ( 7-15 ) -- (8/8, w=1000, lw_b = 8 --> ( day_mat_2 )
for emp: Employee 25, ( 7-15 ) -- (8/8, w=1000, lw_b = 8 --> ( day_mat_2 )
for emp: Employee 25, ( 7-15 ) -- (8/8, w=1000, lw_b = 8 --> ( day_mat_2 )
for emp: Employee 25, ( 7-15 ) -- (8/8, w=1000, lw_b = 8 --> ( day_mat_2 )
for emp: Employee 25, ( 15-23 ) -- (4/8, w=1000, lw_b = 8 --> ( eve_mat_2 )
for emp: Employee 25, ( 7-15 ) -- (8/8, w=1000, lw_b = 8 --> ( day_mat_2 )
for emp: Employee 25, ( 7-15 ) -- (8/8, w=1000, lw_b = 8 --> ( day_lab_2 )
for emp: Employee 25, ( 15-23 ) -- (4/8, w=1000, lw_b = 8 --> ( eve_lab_2 )
for emp: Employee 25, ( 7-15 ) -- (8/8, w=1000, lw_b = 8 --> ( day_lab_2 )
for emp: Employee 25, ( 15-23 ) -- (4/8, w=1000, lw_b = 8 --> ( eve_lab_2 )
for emp: Employee 25, ( 7-15 ) -- (8/8, w=1000, lw_b = 8 --> ( day_lab_2 )
for emp: Employee 25, ( 15-23 ) -- (4/8, w=1000, lw_b = 8 --> ( eve_lab_2 )
for emp: Employee 25, ( 7-15 ) -- (8/8, w=1000, lw_b = 8 --> ( day_lab_2 )
for emp: Employee 25, ( 15-23 ) -- (4/8, w=1000, lw_b = 8 --> ( eve_lab_2 )
for emp: Employee 25, ( 7-15 ) -- (8/8, w=1000, lw_b = 8 --> ( day_lab_2 )
for emp: Employee 25, ( 15-23 ) -- (4/8, w=1000, lw_b = 8 --> ( eve_lab_2 )
for emp: Employee 25, ( 7-15 ) -- (8/8, w=1000, lw_b = 8 --> ( day_lab_2 )
for emp: Employee 25, ( 15-23 ) -- (4/8, w=1000, lw_b = 8 --> ( eve_lab_2 )
for emp: Employee 25, ( 7-15 ) -- (8/8, w=1000, lw_b = 8 --> ( day_lab_2 )
for emp: Employee 25, ( 15-23 ) -- (4/8, w=1000, lw_b = 8 --> ( eve_lab_2 )
for emp: Employee 26, ( 23-7 ) -- (8/8, w=1000, lw_b = 8 --> ( night_mat_2 )
for emp: Employee 26, ( 23-7 ) -- (8/8, w=1000, lw_b = 8 --> ( night_mat_2 )
for emp: Employee 26, ( 23-7 ) -- (8/8, w=1000, lw_b = 8 --> ( night_mat_2 )
for emp: Employee 26, ( 23-7 ) -- (8/8, w=1000, lw_b = 8 --> ( night_mat_2 )
for emp: Employee 26, ( 23-7 ) -- (8/8, w=1000, lw_b = 8 --> ( night_mat_2 )
for emp: Employee 26, ( 23-7 ) -- (8/8, w=1000, lw_b = 8 --> ( night_mat_2 )
for emp: Employee 26, ( 23-7 ) -- (8/8, w=1000, lw_b = 8 --> ( night_lab_2 )
for emp: Employee 26, ( 23-7 ) -- (8/8, w=1000, lw_b = 8 --> ( night_mat_2 )
for emp: Employee 26, ( 23-7 ) -- (8/8, w=1000, lw_b = 8 --> ( night_mat_2 )
for emp: Employee 26, ( 23-7 ) -- (8/8, w=1000, lw_b = 8 --> ( night_mat_2 )
for emp: Employee 26, ( 23-7 ) -- (8/8, w=1000, lw_b = 8 --> ( night_mat_2 )
for emp: Employee 26, ( 23-7 ) -- (8/8, w=1000, lw_b = 8 --> ( night_mat_2 )
for emp: Employee 26, ( 23-7 ) -- (8/8, w=1000, lw_b = 8 --> ( night_mat_2 )
for emp: Employee 26, ( 23-7 ) -- (8/8, w=1000, lw_b = 8 --> ( night_lab_2 )
for emp: Employee 26, ( 23-7 ) -- (8/8, w=1000, lw_b = 8 --> ( night_mat_2 )
for emp: Employee 27, ( 7-15 ) -- (8/8, w=1000, lw_b = 8 --> ( day_mat_2 )
for emp: Employee 27, ( 7-15 ) -- (8/8, w=1000, lw_b = 8 --> ( day_mat_2 )
for emp: Employee 27, ( 7-15 ) -- (8/8, w=1000, lw_b = 8 --> ( day_mat_2 )
for emp: Employee 27, ( 7-15 ) -- (8/8, w=1000, lw_b = 8 --> ( day_mat_2 )
for emp: Employee 27, ( 7-15 ) -- (8/8, w=1000, lw_b = 8 --> ( day_mat_2 )
for emp: Employee 27, ( 7-15 ) -- (8/8, w=1000, lw_b = 8 --> ( day_mat_2 )
for emp: Employee 27, ( 7-15 ) -- (8/8, w=1000, lw_b = 8 --> ( day_mat_2 )
for emp: Employee 28, ( 23-7 ) -- (8/8, w=1000, lw_b = 8 --> ( night_lab_1 )
for emp: Employee 28, ( 23-7 ) -- (8/8, w=1000, lw_b = 8 --> ( night_mat_1 )
for emp: Employee 28, ( 7-15 ) -- (8/8, w=1000, lw_b = 8 --> ( day_mat_1 )
for emp: Employee 28, ( 15-23 ) -- (4/8, w=1000, lw_b = 8 --> ( eve_mat_1 )
for emp: Employee 28, ( 7-15 ) -- (8/8, w=1000, lw_b = 8 --> ( day_mat_1 )
for emp: Employee 28, ( 15-23 ) -- (4/8, w=1000, lw_b = 8 --> ( eve_mat_1 )
for emp: Employee 28, ( 15-23 ) -- (8/8, w=1000, lw_b = 8 --> ( eve_mat_1 )
for emp: Employee 28, ( 15-23 ) -- (8/8, w=1000, lw_b = 8 --> ( eve_lab_1 )
for emp: Employee 28, ( 23-7 ) -- (8/8, w=1000, lw_b = 8 --> ( night_mat_1 )
for emp: Employee 28, ( 23-7 ) -- (8/8, w=1000, lw_b = 8 --> ( night_mat_1 )
for emp: Employee 28, ( 23-7 ) -- (8/8, w=1000, lw_b = 8 --> ( night_mat_1 )
for emp: Employee 28, ( 23-7 ) -- (8/8, w=1000, lw_b = 8 --> ( night_mat_1 )
for emp: Employee 28, ( 23-7 ) -- (8/8, w=1000, lw_b = 8 --> ( night_mat_1 )
for emp: Employee 28, ( 15-23 ) -- (8/8, w=1000, lw_b = 8 --> ( eve_lab_1 )
for emp: Employee 28, ( 23-7 ) -- (8/8, w=1000, lw_b = 8 --> ( night_mat_1 )
for emp: Employee 28, ( 23-7 ) -- (8/8, w=1000, lw_b = 8 --> ( night_mat_1 )
for emp: Employee 28, ( 7-15 ) -- (8/8, w=1000, lw_b = 8 --> ( day_lab_1 )
for emp: Employee 28, ( 15-23 ) -- (4/8, w=1000, lw_b = 8 --> ( eve_lab_1 )
for emp: Employee 28, ( 7-15 ) -- (8/8, w=1000, lw_b = 8 --> ( day_lab_1 )
for emp: Employee 28, ( 15-23 ) -- (4/8, w=1000, lw_b = 8 --> ( eve_lab_1 )
for emp: Employee 28, ( 7-15 ) -- (8/8, w=1000, lw_b = 8 --> ( day_mat_1 )
for emp: Employee 28, ( 15-23 ) -- (4/8, w=1000, lw_b = 8 --> ( eve_mat_1 )
for emp: Employee 28, ( 15-23 ) -- (8/8, w=1000, lw_b = 8 --> ( eve_lab_1 )
for emp: Employee 28, ( 15-23 ) -- (8/8, w=1000, lw_b = 8 --> ( eve_mat_1 )
for emp: Employee 28, ( 15-23 ) -- (8/8, w=1000, lw_b = 8 --> ( eve_mat_1 )
for emp: Employee 28, ( 15-23 ) -- (8/8, w=1000, lw_b = 8 --> ( eve_mat_1 )
for emp: Employee 28, ( 15-23 ) -- (8/8, w=1000, lw_b = 8 --> ( eve_mat_1 )
for emp: Employee 28, ( 15-23 ) -- (4/8, w=1000, lw_b = 8 --> ( eve_lab_1 )
for emp: Employee 28, ( 15-23 ) -- (8/8, w=1000, lw_b = 8 --> ( eve_lab_1 )
for emp: Employee 28, ( 15-23 ) -- (8/8, w=1000, lw_b = 8 --> ( eve_lab_1 )
for emp: Employee 28, ( 15-23 ) -- (8/8, w=1000, lw_b = 8 --> ( eve_lab_1 )
for emp: Employee 28, ( 15-23 ) -- (8/8, w=1000, lw_b = 8 --> ( eve_lab_1 )
for emp: Employee 28, ( 15-23 ) -- (4/8, w=1000, lw_b = 8 --> ( eve_lab_1 )
for emp: Employee 28, ( 23-7 ) -- (8/8, w=1000, lw_b = 8 --> ( night_lab_1 )
for emp: Employee 28, ( 23-7 ) -- (8/8, w=1000, lw_b = 8 --> ( night_lab_1 )
for emp: Employee 28, ( 23-7 ) -- (8/8, w=1000, lw_b = 8 --> ( night_lab_1 )
for emp: Employee 28, ( 23-7 ) -- (4/8, w=1000, lw_b = 8 --> ( night_lab_1 )
for emp: Employee 29, ( 23-7 ) -- (8/8, w=1000, lw_b = 8 --> ( night_mat_1 )
for emp: Employee 29, ( 7-15 ) -- (8/8, w=1000, lw_b = 8 --> ( day_mat_1 )
for emp: Employee 29, ( 15-23 ) -- (4/8, w=1000, lw_b = 8 --> ( eve_mat_1 )
for emp: Employee 29, ( 7-15 ) -- (8/8, w=1000, lw_b = 8 --> ( day_mat_1 )
for emp: Employee 29, ( 15-23 ) -- (4/8, w=1000, lw_b = 8 --> ( eve_mat_1 )
for emp: Employee 29, ( 23-7 ) -- (8/8, w=1000, lw_b = 8 --> ( night_mat_1 )
for emp: Employee 29, ( 23-7 ) -- (8/8, w=1000, lw_b = 8 --> ( night_mat_1 )
for emp: Employee 29, ( 23-7 ) -- (8/8, w=1000, lw_b = 8 --> ( night_mat_1 )
for emp: Employee 29, ( 23-7 ) -- (8/8, w=1000, lw_b = 8 --> ( night_mat_1 )
for emp: Employee 29, ( 7-15 ) -- (8/8, w=1000, lw_b = 8 --> ( day_lab_1 )
for emp: Employee 29, ( 7-15 ) -- (8/8, w=1000, lw_b = 8 --> ( day_lab_1 )
for emp: Employee 29, ( 7-15 ) -- (8/8, w=1000, lw_b = 8 --> ( day_lab_1 )
for emp: Employee 29, ( 15-23 ) -- (4/8, w=1000, lw_b = 8 --> ( eve_lab_1 )
for emp: Employee 29, ( 23-7 ) -- (8/8, w=1000, lw_b = 8 --> ( night_mat_1 )
for emp: Employee 29, ( 23-7 ) -- (8/8, w=1000, lw_b = 8 --> ( night_mat_1 )
for emp: Employee 29, ( 7-15 ) -- (8/8, w=1000, lw_b = 8 --> ( day_mat_1 )
for emp: Employee 29, ( 15-23 ) -- (4/8, w=1000, lw_b = 8 --> ( eve_mat_1 )
for emp: Employee 29, ( 7-15 ) -- (8/8, w=1000, lw_b = 8 --> ( day_mat_1 )
for emp: Employee 29, ( 15-23 ) -- (4/8, w=1000, lw_b = 8 --> ( eve_mat_1 )
for emp: Employee 29, ( 7-15 ) -- (8/8, w=1000, lw_b = 8 --> ( day_mat_1 )
for emp: Employee 29, ( 15-23 ) -- (4/8, w=1000, lw_b = 8 --> ( eve_mat_1 )
for emp: Employee 29, ( 15-23 ) -- (8/8, w=1000, lw_b = 8 --> ( eve_lab_1 )
for emp: Employee 29, ( 15-23 ) -- (8/8, w=1000, lw_b = 8 --> ( eve_mat_1 )
for emp: Employee 29, ( 23-7 ) -- (8/8, w=1000, lw_b = 8 --> ( night_mat_1 )
for emp: Employee 29, ( 7-15 ) -- (8/8, w=1000, lw_b = 8 --> ( day_lab_1 )
for emp: Employee 29, ( 7-15 ) -- (8/8, w=1000, lw_b = 8 --> ( day_lab_1 )
for emp: Employee 29, ( 7-15 ) -- (8/8, w=1000, lw_b = 8 --> ( day_lab_1 )
for emp: Employee 29, ( 7-15 ) -- (8/8, w=1000, lw_b = 8 --> ( day_lab_1 )
for emp: Employee 29, ( 7-15 ) -- (8/8, w=1000, lw_b = 8 --> ( day_lab_1 )
for emp: Employee 29, ( 7-15 ) -- (8/8, w=1000, lw_b = 8 --> ( day_lab_1 )
for emp: Employee 29, ( 7-15 ) -- (8/8, w=1000, lw_b = 8 --> ( day_lab_1 )
for emp: Employee 29, ( 15-23 ) -- (4/8, w=1000, lw_b = 8 --> ( eve_lab_1 )
for emp: Employee 29, ( 7-15 ) -- (8/8, w=1000, lw_b = 8 --> ( day_lab_1 )
for emp: Employee 29, ( 15-23 ) -- (4/8, w=1000, lw_b = 8 --> ( eve_lab_1 )
for emp: Employee 29, ( 7-15 ) -- (8/8, w=1000, lw_b = 8 --> ( day_lab_1 )
for emp: Employee 29, ( 15-23 ) -- (4/8, w=1000, lw_b = 8 --> ( eve_lab_1 )
for emp: Employee 29, ( 7-15 ) -- (4/8, w=1000, lw_b = 8 --> ( day_lab_1 )
for emp: Employee 30, ( 23-7 ) -- (8/8, w=1000, lw_b = 8 --> ( night_mat_1 )
for emp: Employee 30, ( 7-15 ) -- (8/8, w=1000, lw_b = 8 --> ( day_lab_1 )
for emp: Employee 30, ( 15-23 ) -- (4/8, w=1000, lw_b = 8 --> ( eve_lab_1 )
for emp: Employee 30, ( 7-15 ) -- (8/8, w=1000, lw_b = 8 --> ( day_mat_1 )
for emp: Employee 30, ( 15-23 ) -- (4/8, w=1000, lw_b = 8 --> ( eve_mat_1 )
for emp: Employee 30, ( 7-15 ) -- (8/8, w=1000, lw_b = 8 --> ( day_mat_1 )
for emp: Employee 30, ( 23-7 ) -- (4/8, w=1000, lw_b = 8 --> ( night_mat_1 )
for emp: Employee 30, ( 7-15 ) -- (8/8, w=1000, lw_b = 8 --> ( day_lab_1 )
for emp: Employee 30, ( 15-23 ) -- (4/8, w=1000, lw_b = 8 --> ( eve_lab_1 )
for emp: Employee 30, ( 7-15 ) -- (8/8, w=1000, lw_b = 8 --> ( day_lab_1 )
for emp: Employee 30, ( 15-23 ) -- (4/8, w=1000, lw_b = 8 --> ( eve_lab_1 )
for emp: Employee 30, ( 7-15 ) -- (8/8, w=1000, lw_b = 8 --> ( day_mat_1 )
for emp: Employee 30, ( 15-23 ) -- (4/8, w=1000, lw_b = 8 --> ( eve_mat_1 )
for emp: Employee 30, ( 7-15 ) -- (8/8, w=1000, lw_b = 8 --> ( day_mat_1 )
for emp: Employee 30, ( 15-23 ) -- (4/8, w=1000, lw_b = 8 --> ( eve_mat_1 )
for emp: Employee 30, ( 7-15 ) -- (8/8, w=1000, lw_b = 8 --> ( day_lab_1 )
for emp: Employee 30, ( 15-23 ) -- (4/8, w=1000, lw_b = 8 --> ( eve_lab_1 )
for emp: Employee 30, ( 7-15 ) -- (8/8, w=1000, lw_b = 8 --> ( day_lab_1 )
for emp: Employee 30, ( 15-23 ) -- (4/8, w=1000, lw_b = 8 --> ( eve_lab_1 )
for emp: Employee 30, ( 7-15 ) -- (8/8, w=1000, lw_b = 8 --> ( day_lab_1 )
for emp: Employee 30, ( 15-23 ) -- (4/8, w=1000, lw_b = 8 --> ( eve_lab_1 )
for emp: Employee 30, ( 7-15 ) -- (8/8, w=1000, lw_b = 8 --> ( day_lab_1 )
for emp: Employee 30, ( 15-23 ) -- (4/8, w=1000, lw_b = 8 --> ( eve_lab_1 )
for emp: Employee 30, ( 7-15 ) -- (8/8, w=1000, lw_b = 8 --> ( day_lab_1 )
for emp: Employee 30, ( 15-23 ) -- (4/8, w=1000, lw_b = 8 --> ( eve_lab_1 )
for emp: Employee 31, ( 7-15 ) -- (8/8, w=1000, lw_b = 8 --> ( day_mat_1 )
for emp: Employee 31, ( 7-15 ) -- (8/8, w=1000, lw_b = 8 --> ( day_mat_1 )
for emp: Employee 31, ( 23-7 ) -- (4/8, w=1000, lw_b = 8 --> ( night_mat_1 )
for emp: Employee 31, ( 23-7 ) -- (8/8, w=1000, lw_b = 8 --> ( night_mat_1 )
for emp: Employee 31, ( 23-7 ) -- (8/8, w=1000, lw_b = 8 --> ( night_mat_1 )
for emp: Employee 31, ( 15-23 ) -- (8/8, w=1000, lw_b = 8 --> ( eve_mat_1 )
for emp: Employee 31, ( 15-23 ) -- (8/8, w=1000, lw_b = 8 --> ( eve_mat_1 )
for emp: Employee 31, ( 15-23 ) -- (8/8, w=1000, lw_b = 8 --> ( eve_mat_1 )
for emp: Employee 31, ( 15-23 ) -- (8/8, w=1000, lw_b = 8 --> ( eve_mat_1 )
for emp: Employee 31, ( 15-23 ) -- (4/8, w=1000, lw_b = 8 --> ( eve_mat_1 )
for emp: Employee 31, ( 23-7 ) -- (8/8, w=1000, lw_b = 8 --> ( night_mat_1 )
for emp: Employee 31, ( 23-7 ) -- (8/8, w=1000, lw_b = 8 --> ( night_mat_1 )
for emp: Employee 31, ( 7-15 ) -- (8/8, w=1000, lw_b = 8 --> ( day_mat_1 )
for emp: Employee 31, ( 7-15 ) -- (8/8, w=1000, lw_b = 8 --> ( day_mat_1 )
for emp: Employee 31, ( 15-23 ) -- (4/8, w=1000, lw_b = 8 --> ( eve_mat_1 )
for emp: Employee 31, ( 7-15 ) -- (8/8, w=1000, lw_b = 8 --> ( day_mat_1 )
for emp: Employee 31, ( 15-23 ) -- (4/8, w=1000, lw_b = 8 --> ( eve_mat_1 )
for emp: Employee 31, ( 7-15 ) -- (8/8, w=1000, lw_b = 8 --> ( day_mat_1 )
for emp: Employee 31, ( 15-23 ) -- (4/8, w=1000, lw_b = 8 --> ( eve_mat_1 )
for emp: Employee 31, ( 7-15 ) -- (8/8, w=1000, lw_b = 8 --> ( day_lab_1 )
for emp: Employee 31, ( 7-15 ) -- (8/8, w=1000, lw_b = 8 --> ( day_lab_1 )
for emp: Employee 31, ( 7-15 ) -- (8/8, w=1000, lw_b = 8 --> ( day_lab_1 )
for emp: Employee 31, ( 7-15 ) -- (8/8, w=1000, lw_b = 8 --> ( day_lab_1 )
for emp: Employee 31, ( 7-15 ) -- (8/8, w=1000, lw_b = 8 --> ( day_lab_1 )
for emp: Employee 31, ( 7-15 ) -- (8/8, w=1000, lw_b = 8 --> ( day_mat_1 )
for emp: Employee 31, ( 15-23 ) -- (4/8, w=1000, lw_b = 8 --> ( eve_mat_1 )
for emp: Employee 31, ( 7-15 ) -- (8/8, w=1000, lw_b = 8 --> ( day_lab_1 )
for emp: Employee 31, ( 7-15 ) -- (8/8, w=1000, lw_b = 8 --> ( day_lab_1 )
for emp: Employee 31, ( 7-15 ) -- (8/8, w=1000, lw_b = 8 --> ( day_lab_1 )
for emp: Employee 31, ( 7-15 ) -- (8/8, w=1000, lw_b = 8 --> ( day_lab_1 )
for emp: Employee 31, ( 7-15 ) -- (8/8, w=1000, lw_b = 8 --> ( day_lab_1 )
for emp: Employee 31, ( 7-15 ) -- (8/8, w=1000, lw_b = 8 --> ( day_lab_1 )
for emp: Employee 31, ( 15-23 ) -- (4/8, w=1000, lw_b = 8 --> ( eve_lab_1 )
for emp: Employee 31, ( 7-15 ) -- (4/8, w=1000, lw_b = 8 --> ( day_lab_1 )
for emp: Employee 32, ( 15-23 ) -- (4/8, w=1000, lw_b = 8 --> ( eve_lab_1 )
for emp: Employee 32, ( 15-23 ) -- (4/8, w=1000, lw_b = 8 --> ( eve_lab_1 )
for emp: Employee 32, ( 7-15 ) -- (8/8, w=1000, lw_b = 8 --> ( day_lab_1 )
for emp: Employee 32, ( 7-15 ) -- (8/8, w=1000, lw_b = 8 --> ( day_lab_1 )
for emp: Employee 32, ( 23-7 ) -- (4/8, w=1000, lw_b = 8 --> ( night_mat_1 )
for emp: Employee 32, ( 23-7 ) -- (8/8, w=1000, lw_b = 8 --> ( night_mat_1 )
for emp: Employee 32, ( 23-7 ) -- (8/8, w=1000, lw_b = 8 --> ( night_mat_1 )
for emp: Employee 32, ( 23-7 ) -- (8/8, w=1000, lw_b = 8 --> ( night_mat_1 )
for emp: Employee 32, ( 23-7 ) -- (8/8, w=1000, lw_b = 8 --> ( night_mat_1 )
for emp: Employee 32, ( 23-7 ) -- (8/8, w=1000, lw_b = 8 --> ( night_mat_1 )
for emp: Employee 32, ( 7-15 ) -- (8/8, w=1000, lw_b = 8 --> ( day_mat_1 )
for emp: Employee 32, ( 7-15 ) -- (8/8, w=1000, lw_b = 8 --> ( day_mat_1 )
for emp: Employee 32, ( 7-15 ) -- (8/8, w=1000, lw_b = 8 --> ( day_mat_1 )
for emp: Employee 32, ( 7-15 ) -- (8/8, w=1000, lw_b = 8 --> ( day_mat_1 )
for emp: Employee 32, ( 7-15 ) -- (8/8, w=1000, lw_b = 8 --> ( day_lab_1 )
for emp: Employee 32, ( 7-15 ) -- (8/8, w=1000, lw_b = 8 --> ( day_mat_1 )
for emp: Employee 32, ( 7-15 ) -- (8/8, w=1000, lw_b = 8 --> ( day_lab_1 )
for emp: Employee 32, ( 7-15 ) -- (8/8, w=1000, lw_b = 8 --> ( day_lab_1 )
for emp: Employee 32, ( 7-15 ) -- (8/8, w=1000, lw_b = 8 --> ( day_mat_1 )
for emp: Employee 32, ( 15-23 ) -- (4/8, w=1000, lw_b = 8 --> ( eve_mat_1 )
for emp: Employee 32, ( 7-15 ) -- (8/8, w=1000, lw_b = 8 --> ( day_mat_1 )
for emp: Employee 32, ( 15-23 ) -- (4/8, w=1000, lw_b = 8 --> ( eve_mat_1 )
for emp: Employee 32, ( 7-15 ) -- (4/8, w=1000, lw_b = 8 --> ( day_lab_1 )
for emp: Employee 32, ( 7-15 ) -- (8/8, w=1000, lw_b = 8 --> ( day_lab_1 )
for emp: Employee 33, ( 7-15 ) -- (8/8, w=1000, lw_b = 8 --> ( day_mat_2 )
for emp: Employee 33, ( 7-15 ) -- (8/8, w=1000, lw_b = 8 --> ( day_mat_2 )
for emp: Employee 33, ( 7-15 ) -- (8/8, w=1000, lw_b = 8 --> ( day_mat_2 )
for emp: Employee 33, ( 7-15 ) -- (8/8, w=1000, lw_b = 8 --> ( day_mat_2 )
for emp: Employee 33, ( 7-15 ) -- (8/8, w=1000, lw_b = 8 --> ( day_lab_2 )
for emp: Employee 33, ( 15-23 ) -- (4/8, w=1000, lw_b = 8 --> ( eve_lab_2 )
for emp: Employee 33, ( 7-15 ) -- (8/8, w=1000, lw_b = 8 --> ( day_lab_2 )
for emp: Employee 33, ( 15-23 ) -- (4/8, w=1000, lw_b = 8 --> ( eve_lab_2 )
for emp: Employee 33, ( 7-15 ) -- (8/8, w=1000, lw_b = 8 --> ( day_lab_2 )
for emp: Employee 33, ( 15-23 ) -- (4/8, w=1000, lw_b = 8 --> ( eve_lab_2 )
for emp: Employee 33, ( 7-15 ) -- (8/8, w=1000, lw_b = 8 --> ( day_lab_2 )
for emp: Employee 33, ( 15-23 ) -- (4/8, w=1000, lw_b = 8 --> ( eve_lab_2 )
for emp: Employee 34, ( 23-7 ) -- (8/8, w=1000, lw_b = 8 --> ( night_mat_2 )
for emp: Employee 34, ( 7-15 ) -- (8/8, w=1000, lw_b = 8 --> ( day_lab_2 )
for emp: Employee 34, ( 15-23 ) -- (4/8, w=1000, lw_b = 8 --> ( eve_lab_2 )
for emp: Employee 34, ( 7-15 ) -- (8/8, w=1000, lw_b = 8 --> ( day_mat_2 )
for emp: Employee 34, ( 7-15 ) -- (8/8, w=1000, lw_b = 8 --> ( day_mat_2 )
for emp: Employee 34, ( 7-15 ) -- (8/8, w=1000, lw_b = 8 --> ( day_mat_2 )
for emp: Employee 34, ( 7-15 ) -- (8/8, w=1000, lw_b = 8 --> ( day_mat_2 )
for emp: Employee 34, ( 7-15 ) -- (8/8, w=1000, lw_b = 8 --> ( day_mat_2 )
for emp: Employee 34, ( 7-15 ) -- (8/8, w=1000, lw_b = 8 --> ( day_lab_2 )
for emp: Employee 34, ( 15-23 ) -- (4/8, w=1000, lw_b = 8 --> ( eve_lab_2 )
for emp: Employee 34, ( 7-15 ) -- (8/8, w=1000, lw_b = 8 --> ( day_mat_2 )
for emp: Employee 34, ( 7-15 ) -- (8/8, w=1000, lw_b = 8 --> ( day_mat_2 )
for emp: Employee 34, ( 7-15 ) -- (8/8, w=1000, lw_b = 8 --> ( day_mat_2 )
for emp: Employee 34, ( 7-15 ) -- (8/8, w=1000, lw_b = 8 --> ( day_mat_2 )
for emp: Employee 34, ( 15-23 ) -- (4/8, w=1000, lw_b = 8 --> ( eve_mat_2 )
for emp: Employee 34, ( 15-23 ) -- (8/8, w=1000, lw_b = 8 --> ( eve_mat_2 )
for emp: Employee 34, ( 7-15 ) -- (8/8, w=1000, lw_b = 8 --> ( day_lab_2 )
for emp: Employee 34, ( 15-23 ) -- (4/8, w=1000, lw_b = 8 --> ( eve_lab_2 )
for emp: Employee 34, ( 7-15 ) -- (8/8, w=1000, lw_b = 8 --> ( day_mat_2 )
for emp: Employee 34, ( 7-15 ) -- (8/8, w=1000, lw_b = 8 --> ( day_lab_2 )
for emp: Employee 34, ( 7-15 ) -- (8/8, w=1000, lw_b = 8 --> ( day_mat_2 )
for emp: Employee 34, ( 7-15 ) -- (8/8, w=1000, lw_b = 8 --> ( day_lab_2 )
for emp: Employee 34, ( 23-7 ) -- (8/8, w=1000, lw_b = 8 --> ( night_mat_2 )
for emp: Employee 34, ( 7-15 ) -- (8/8, w=1000, lw_b = 8 --> ( day_lab_2 )
for emp: Employee 34, ( 15-23 ) -- (4/8, w=1000, lw_b = 8 --> ( eve_lab_2 )
for emp: Employee 34, ( 7-15 ) -- (4/8, w=1000, lw_b = 8 --> ( day_lab_2 )
for emp: Employee 34, ( 7-15 ) -- (8/8, w=1000, lw_b = 8 --> ( day_lab_2 )
for emp: Employee 34, ( 7-15 ) -- (8/8, w=1000, lw_b = 8 --> ( day_lab_2 )
for emp: Employee 34, ( 7-15 ) -- (8/8, w=1000, lw_b = 8 --> ( day_lab_2 )
for emp: Employee 34, ( 7-15 ) -- (8/8, w=1000, lw_b = 8 --> ( day_mat_2 )
for emp: Employee 34, ( 15-23 ) -- (4/8, w=1000, lw_b = 8 --> ( eve_mat_2 )
for emp: Employee 34, ( 7-15 ) -- (8/8, w=1000, lw_b = 8 --> ( day_lab_2 )
for emp: Employee 34, ( 7-15 ) -- (8/8, w=1000, lw_b = 8 --> ( day_lab_2 )
for emp: Employee 34, ( 15-23 ) -- (4/8, w=1000, lw_b = 8 --> ( eve_lab_2 )
for emp: Employee 34, ( 7-15 ) -- (8/8, w=1000, lw_b = 8 --> ( day_lab_2 )
for emp: Employee 34, ( 7-15 ) -- (4/8, w=1000, lw_b = 8 --> ( day_lab_2 )
for emp: Employee 34, ( 7-15 ) -- (8/8, w=1000, lw_b = 8 --> ( day_lab_2 )
for emp: Employee 34, ( 15-23 ) -- (4/8, w=1000, lw_b = 8 --> ( eve_lab_2 )
for emp: Employee 34, ( 7-15 ) -- (8/8, w=1000, lw_b = 8 --> ( day_lab_2 )
for emp: Employee 34, ( 15-23 ) -- (4/8, w=1000, lw_b = 8 --> ( eve_lab_2 )
for emp: Employee 34, ( 7-15 ) -- (8/8, w=1000, lw_b = 8 --> ( day_lab_2 )
for emp: Employee 34, ( 15-23 ) -- (4/8, w=1000, lw_b = 8 --> ( eve_lab_2 )
for emp: Employee 35, ( 23-7 ) -- (8/8, w=1000, lw_b = 8 --> ( night_mat_1 )
for emp: Employee 35, ( 23-7 ) -- (8/8, w=1000, lw_b = 8 --> ( night_mat_1 )
for emp: Employee 35, ( 23-7 ) -- (8/8, w=1000, lw_b = 8 --> ( night_mat_1 )
for emp: Employee 35, ( 23-7 ) -- (8/8, w=1000, lw_b = 8 --> ( night_mat_1 )
for emp: Employee 35, ( 7-15 ) -- (8/8, w=1000, lw_b = 8 --> ( day_lab_1 )
for emp: Employee 35, ( 7-15 ) -- (8/8, w=1000, lw_b = 8 --> ( day_lab_1 )
for emp: Employee 35, ( 7-15 ) -- (8/8, w=1000, lw_b = 8 --> ( day_mat_1 )
for emp: Employee 35, ( 7-15 ) -- (8/8, w=1000, lw_b = 8 --> ( day_mat_1 )
for emp: Employee 35, ( 7-15 ) -- (8/8, w=1000, lw_b = 8 --> ( day_mat_1 )
for emp: Employee 35, ( 15-23 ) -- (4/8, w=1000, lw_b = 8 --> ( eve_lab_1 )
for emp: Employee 35, ( 15-23 ) -- (8/8, w=1000, lw_b = 8 --> ( eve_mat_1 )
for emp: Employee 35, ( 23-7 ) -- (8/8, w=1000, lw_b = 8 --> ( night_mat_1 )
for emp: Employee 35, ( 7-15 ) -- (8/8, w=1000, lw_b = 8 --> ( day_mat_1 )
for emp: Employee 35, ( 15-23 ) -- (4/8, w=1000, lw_b = 8 --> ( eve_mat_1 )
for emp: Employee 35, ( 7-15 ) -- (8/8, w=1000, lw_b = 8 --> ( day_lab_1 )
for emp: Employee 36, ( 23-7 ) -- (8/8, w=1000, lw_b = 8 --> ( night_mat_1 )
for emp: Employee 36, ( 7-15 ) -- (8/8, w=1000, lw_b = 8 --> ( day_mat_1 )
for emp: Employee 36, ( 15-23 ) -- (4/8, w=1000, lw_b = 8 --> ( eve_mat_1 )
for emp: Employee 36, ( 15-23 ) -- (4/8, w=1000, lw_b = 8 --> ( eve_lab_1 )
for emp: Employee 36, ( 23-7 ) -- (8/8, w=1000, lw_b = 8 --> ( night_lab_1 )
for emp: Employee 36, ( 23-7 ) -- (8/8, w=1000, lw_b = 8 --> ( night_mat_1 )
for emp: Employee 36, ( 23-7 ) -- (8/8, w=1000, lw_b = 8 --> ( night_mat_1 )
for emp: Employee 36, ( 23-7 ) -- (8/8, w=1000, lw_b = 8 --> ( night_mat_1 )
for emp: Employee 36, ( 23-7 ) -- (8/8, w=1000, lw_b = 8 --> ( night_mat_1 )
for emp: Employee 36, ( 7-15 ) -- (8/8, w=1000, lw_b = 8 --> ( day_mat_1 )
for emp: Employee 36, ( 15-23 ) -- (4/8, w=1000, lw_b = 8 --> ( eve_mat_1 )
for emp: Employee 36, ( 7-15 ) -- (8/8, w=1000, lw_b = 8 --> ( day_mat_1 )
for emp: Employee 36, ( 7-15 ) -- (8/8, w=1000, lw_b = 8 --> ( day_mat_1 )
for emp: Employee 36, ( 15-23 ) -- (4/8, w=1000, lw_b = 8 --> ( eve_mat_1 )
for emp: Employee 36, ( 7-15 ) -- (8/8, w=1000, lw_b = 8 --> ( day_mat_1 )
for emp: Employee 36, ( 15-23 ) -- (4/8, w=1000, lw_b = 8 --> ( eve_mat_1 )
for emp: Employee 36, ( 7-15 ) -- (8/8, w=1000, lw_b = 8 --> ( day_mat_1 )
for emp: Employee 36, ( 15-23 ) -- (4/8, w=1000, lw_b = 8 --> ( eve_mat_1 )
for emp: Employee 36, ( 7-15 ) -- (8/8, w=1000, lw_b = 8 --> ( day_mat_1 )
for emp: Employee 36, ( 15-23 ) -- (4/8, w=1000, lw_b = 8 --> ( eve_mat_1 )
for emp: Employee 36, ( 7-15 ) -- (8/8, w=1000, lw_b = 8 --> ( day_lab_1 )
for emp: Employee 36, ( 7-15 ) -- (8/8, w=1000, lw_b = 8 --> ( day_mat_1 )
for emp: Employee 36, ( 15-23 ) -- (4/8, w=1000, lw_b = 8 --> ( eve_mat_1 )
for emp: Employee 36, ( 7-15 ) -- (8/8, w=1000, lw_b = 8 --> ( day_lab_1 )
for emp: Employee 36, ( 7-15 ) -- (8/8, w=1000, lw_b = 8 --> ( day_lab_1 )
for emp: Employee 36, ( 15-23 ) -- (4/8, w=1000, lw_b = 8 --> ( eve_lab_1 )
for emp: Employee 36, ( 7-15 ) -- (8/8, w=1000, lw_b = 8 --> ( day_lab_1 )
for emp: Employee 36, ( 15-23 ) -- (4/8, w=1000, lw_b = 8 --> ( eve_lab_1 )
for emp: Employee 37, ( 7-15 ) -- (8/8, w=1000, lw_b = 8 --> ( day_mat_1 )
for emp: Employee 37, ( 15-23 ) -- (4/8, w=1000, lw_b = 8 --> ( eve_mat_1 )
for emp: Employee 37, ( 23-7 ) -- (8/8, w=1000, lw_b = 8 --> ( night_lab_1 )
for emp: Employee 37, ( 23-7 ) -- (8/8, w=1000, lw_b = 8 --> ( night_mat_1 )
for emp: Employee 37, ( 7-15 ) -- (8/8, w=1000, lw_b = 8 --> ( day_mat_1 )
for emp: Employee 37, ( 7-15 ) -- (8/8, w=1000, lw_b = 8 --> ( day_mat_1 )
for emp: Employee 37, ( 7-15 ) -- (8/8, w=1000, lw_b = 8 --> ( day_mat_1 )
for emp: Employee 37, ( 7-15 ) -- (8/8, w=1000, lw_b = 8 --> ( day_mat_1 )
for emp: Employee 37, ( 7-15 ) -- (8/8, w=1000, lw_b = 8 --> ( day_mat_1 )
for emp: Employee 37, ( 7-15 ) -- (8/8, w=1000, lw_b = 8 --> ( day_mat_1 )
for emp: Employee 37, ( 15-23 ) -- (4/8, w=1000, lw_b = 8 --> ( eve_mat_1 )
for emp: Employee 37, ( 7-15 ) -- (8/8, w=1000, lw_b = 8 --> ( day_mat_1 )
for emp: Employee 37, ( 7-15 ) -- (8/8, w=1000, lw_b = 8 --> ( day_mat_1 )
for emp: Employee 37, ( 15-23 ) -- (4/8, w=1000, lw_b = 8 --> ( eve_mat_1 )
for emp: Employee 37, ( 7-15 ) -- (4/8, w=1000, lw_b = 8 --> ( day_lab_1 )
for emp: Employee 37, ( 7-15 ) -- (8/8, w=1000, lw_b = 8 --> ( day_mat_1 )
for emp: Employee 38, ( 23-7 ) -- (8/8, w=1000, lw_b = 8 --> ( night_mat_1 )
for emp: Employee 38, ( 23-7 ) -- (8/8, w=1000, lw_b = 8 --> ( night_mat_1 )
for emp: Employee 38, ( 7-15 ) -- (8/8, w=1000, lw_b = 8 --> ( day_mat_1 )
for emp: Employee 38, ( 7-15 ) -- (8/8, w=1000, lw_b = 8 --> ( day_mat_1 )
for emp: Employee 38, ( 7-15 ) -- (8/8, w=1000, lw_b = 8 --> ( day_mat_1 )
for emp: Employee 38, ( 7-15 ) -- (8/8, w=1000, lw_b = 8 --> ( day_mat_1 )
for emp: Employee 38, ( 7-15 ) -- (8/8, w=1000, lw_b = 8 --> ( day_mat_1 )
for emp: Employee 38, ( 15-23 ) -- (4/8, w=1000, lw_b = 8 --> ( eve_mat_1 )
for emp: Employee 38, ( 15-23 ) -- (8/8, w=1000, lw_b = 8 --> ( eve_mat_1 )
for emp: Employee 38, ( 15-23 ) -- (8/8, w=1000, lw_b = 8 --> ( eve_mat_1 )
for emp: Employee 38, ( 15-23 ) -- (8/8, w=1000, lw_b = 8 --> ( eve_mat_1 )
for emp: Employee 38, ( 7-15 ) -- (8/8, w=1000, lw_b = 8 --> ( day_mat_1 )
for emp: Employee 38, ( 15-23 ) -- (4/8, w=1000, lw_b = 8 --> ( eve_mat_1 )
for emp: Employee 38, ( 7-15 ) -- (8/8, w=1000, lw_b = 8 --> ( day_mat_1 )
for emp: Employee 38, ( 15-23 ) -- (4/8, w=1000, lw_b = 8 --> ( eve_mat_1 )
for emp: Employee 38, ( 7-15 ) -- (8/8, w=1000, lw_b = 8 --> ( day_lab_1 )
for emp: Employee 38, ( 15-23 ) -- (4/8, w=1000, lw_b = 8 --> ( eve_lab_1 )
for emp: Employee 38, ( 7-15 ) -- (8/8, w=1000, lw_b = 8 --> ( day_lab_1 )
for emp: Employee 38, ( 15-23 ) -- (4/8, w=1000, lw_b = 8 --> ( eve_lab_1 )
for emp: Employee 38, ( 7-15 ) -- (8/8, w=1000, lw_b = 8 --> ( day_lab_1 )
for emp: Employee 38, ( 15-23 ) -- (4/8, w=1000, lw_b = 8 --> ( eve_lab_1 )
for emp: Employee 38, ( 7-15 ) -- (8/8, w=1000, lw_b = 8 --> ( day_lab_1 )
for emp: Employee 38, ( 15-23 ) -- (4/8, w=1000, lw_b = 8 --> ( eve_lab_1 )
for emp: Employee 38, ( 7-15 ) -- (8/8, w=1000, lw_b = 8 --> ( day_lab_1 )
for emp: Employee 38, ( 15-23 ) -- (4/8, w=1000, lw_b = 8 --> ( eve_lab_1 )
for emp: Employee 38, ( 7-15 ) -- (8/8, w=1000, lw_b = 8 --> ( day_lab_1 )
for emp: Employee 38, ( 15-23 ) -- (4/8, w=1000, lw_b = 8 --> ( eve_lab_1 )
for emp: Employee 38, ( 7-15 ) -- (8/8, w=1000, lw_b = 8 --> ( day_lab_1 )
for emp: Employee 38, ( 15-23 ) -- (4/8, w=1000, lw_b = 8 --> ( eve_lab_1 )
for emp: Employee 38, ( 7-15 ) -- (8/8, w=1000, lw_b = 8 --> ( day_lab_1 )
for emp: Employee 38, ( 15-23 ) -- (4/8, w=1000, lw_b = 8 --> ( eve_lab_1 )
for emp: Employee 38, ( 7-15 ) -- (8/8, w=1000, lw_b = 8 --> ( day_lab_1 )
for emp: Employee 38, ( 15-23 ) -- (4/8, w=1000, lw_b = 8 --> ( eve_lab_1 )
for emp: Employee 38, ( 7-15 ) -- (8/8, w=1000, lw_b = 8 --> ( day_lab_1 )
for emp: Employee 38, ( 15-23 ) -- (4/8, w=1000, lw_b = 8 --> ( eve_lab_1 )
for emp: Employee 38, ( 7-15 ) -- (8/8, w=1000, lw_b = 8 --> ( day_lab_1 )
for emp: Employee 38, ( 15-23 ) -- (4/8, w=1000, lw_b = 8 --> ( eve_lab_1 )
for emp: Employee 38, ( 7-15 ) -- (8/8, w=1000, lw_b = 8 --> ( day_lab_1 )
for emp: Employee 38, ( 15-23 ) -- (4/8, w=1000, lw_b = 8 --> ( eve_lab_1 )
for emp: Employee 38, ( 7-15 ) -- (8/8, w=1000, lw_b = 8 --> ( day_lab_1 )
for emp: Employee 38, ( 15-23 ) -- (4/8, w=1000, lw_b = 8 --> ( eve_lab_1 )
for emp: Employee 38, ( 7-15 ) -- (8/8, w=1000, lw_b = 8 --> ( day_lab_1 )
for emp: Employee 39, ( 7-15 ) -- (8/8, w=1000, lw_b = 8 --> ( day_mat_2 )
for emp: Employee 39, ( 7-15 ) -- (8/8, w=1000, lw_b = 8 --> ( day_mat_2 )
for emp: Employee 39, ( 7-15 ) -- (8/8, w=1000, lw_b = 8 --> ( day_mat_2 )
for emp: Employee 39, ( 7-15 ) -- (8/8, w=1000, lw_b = 8 --> ( day_mat_2 )
for emp: Employee 39, ( 7-15 ) -- (8/8, w=1000, lw_b = 8 --> ( day_mat_2 )
for emp: Employee 39, ( 7-15 ) -- (8/8, w=1000, lw_b = 8 --> ( day_mat_2 )
for emp: Employee 39, ( 7-15 ) -- (8/8, w=1000, lw_b = 8 --> ( day_mat_2 )
for emp: Employee 39, ( 23-7 ) -- (8/8, w=1000, lw_b = 8 --> ( night_mat_2 )
for emp: Employee 39, ( 23-7 ) -- (8/8, w=1000, lw_b = 8 --> ( night_mat_2 )
for emp: Employee 39, ( 23-7 ) -- (8/8, w=1000, lw_b = 8 --> ( night_mat_2 )
for emp: Employee 39, ( 23-7 ) -- (8/8, w=1000, lw_b = 8 --> ( night_mat_2 )
for emp: Employee 39, ( 23-7 ) -- (8/8, w=1000, lw_b = 8 --> ( night_mat_2 )
for emp: Employee 39, ( 23-7 ) -- (8/8, w=1000, lw_b = 8 --> ( night_mat_2 )
for emp: Employee 39, ( 23-7 ) -- (8/8, w=1000, lw_b = 8 --> ( night_mat_2 )
for emp: Employee 39, ( 23-7 ) -- (8/8, w=1000, lw_b = 8 --> ( night_mat_2 )
for emp: Employee 39, ( 23-7 ) -- (8/8, w=1000, lw_b = 8 --> ( night_mat_2 )
for emp: Employee 39, ( 23-7 ) -- (8/8, w=1000, lw_b = 8 --> ( night_mat_2 )
for emp: Employee 39, ( 23-7 ) -- (4/8, w=1000, lw_b = 8 --> ( night_mat_2 )
for emp: Employee 39, ( 15-23 ) -- (8/8, w=1000, lw_b = 8 --> ( eve_mat_2 )
for emp: Employee 39, ( 7-15 ) -- (8/8, w=1000, lw_b = 8 --> ( day_mat_2 )
for emp: Employee 39, ( 15-23 ) -- (4/8, w=1000, lw_b = 8 --> ( eve_mat_2 )
for emp: Employee 39, ( 7-15 ) -- (8/8, w=1000, lw_b = 8 --> ( day_lab_2 )
for emp: Employee 39, ( 7-15 ) -- (8/8, w=1000, lw_b = 8 --> ( day_lab_2 )
for emp: Employee 39, ( 15-23 ) -- (4/8, w=1000, lw_b = 8 --> ( eve_lab_2 )
for emp: Employee 39, ( 7-15 ) -- (8/8, w=1000, lw_b = 8 --> ( day_lab_2 )
for emp: Employee 39, ( 15-23 ) -- (4/8, w=1000, lw_b = 8 --> ( eve_lab_2 )
for emp: Employee 40, ( 7-15 ) -- (8/8, w=1000, lw_b = 8 --> ( day_mat_2 )
for emp: Employee 40, ( 7-15 ) -- (8/8, w=1000, lw_b = 8 --> ( day_mat_2 )
for emp: Employee 40, ( 7-15 ) -- (8/8, w=1000, lw_b = 8 --> ( day_mat_2 )
for emp: Employee 40, ( 7-15 ) -- (8/8, w=1000, lw_b = 8 --> ( day_mat_2 )
for emp: Employee 40, ( 7-15 ) -- (8/8, w=1000, lw_b = 8 --> ( day_mat_2 )
for emp: Employee 40, ( 7-15 ) -- (8/8, w=1000, lw_b = 8 --> ( day_mat_2 )
for emp: Employee 40, ( 23-7 ) -- (8/8, w=1000, lw_b = 8 --> ( night_mat_2 )
for emp: Employee 40, ( 23-7 ) -- (8/8, w=1000, lw_b = 8 --> ( night_mat_2 )
for emp: Employee 40, ( 23-7 ) -- (8/8, w=1000, lw_b = 8 --> ( night_mat_2 )
for emp: Employee 40, ( 7-15 ) -- (8/8, w=1000, lw_b = 8 --> ( day_mat_2 )
for emp: Employee 40, ( 7-15 ) -- (8/8, w=1000, lw_b = 8 --> ( day_mat_2 )
for emp: Employee 40, ( 7-15 ) -- (8/8, w=1000, lw_b = 8 --> ( day_mat_2 )
for emp: Employee 40, ( 23-7 ) -- (8/8, w=1000, lw_b = 8 --> ( night_mat_2 )
for emp: Employee 40, ( 23-7 ) -- (8/8, w=1000, lw_b = 8 --> ( night_mat_2 )
for emp: Employee 40, ( 23-7 ) -- (8/8, w=1000, lw_b = 8 --> ( night_mat_2 )
for emp: Employee 40, ( 23-7 ) -- (8/8, w=1000, lw_b = 8 --> ( night_mat_2 )
for emp: Employee 40, ( 23-7 ) -- (8/8, w=1000, lw_b = 8 --> ( night_mat_2 )
for emp: Employee 40, ( 23-7 ) -- (8/8, w=1000, lw_b = 8 --> ( night_mat_2 )
for emp: Employee 40, ( 23-7 ) -- (8/8, w=1000, lw_b = 8 --> ( night_mat_2 )
for emp: Employee 40, ( 23-7 ) -- (8/8, w=1000, lw_b = 8 --> ( night_mat_2 )
for emp: Employee 40, ( 7-15 ) -- (8/8, w=1000, lw_b = 8 --> ( day_mat_2 )
for emp: Employee 40, ( 15-23 ) -- (4/8, w=1000, lw_b = 8 --> ( eve_mat_2 )
for emp: Employee 40, ( 7-15 ) -- (4/8, w=1000, lw_b = 8 --> ( day_mat_2 )
for emp: Employee 40, ( 7-15 ) -- (8/8, w=1000, lw_b = 8 --> ( day_lab_2 )
for emp: Employee 40, ( 7-15 ) -- (8/8, w=1000, lw_b = 8 --> ( day_lab_2 )
for emp: Employee 40, ( 15-23 ) -- (4/8, w=1000, lw_b = 8 --> ( eve_lab_2 )
[...]
for emp: Employee 41, ( 15-23 ) -- (4/8, w=1000, lw_b = 8 --> ( eve_lab_2 )
for emp: Employee 41, ( 7-15 ) -- (8/8, w=1000, lw_b = 8 --> ( day_lab_2 )
for emp: Employee 41, ( 15-23 ) -- (4/8, w=1000, lw_b = 8 --> ( eve_lab_2 )
for emp: Employee 41, ( 7-15 ) -- (8/8, w=1000, lw_b = 8 --> ( day_lab_2 )
for emp: Employee 41, ( 15-23 ) -- (4/8, w=1000, lw_b = 8 --> ( eve_lab_2 )
for emp: Employee 42, ( 7-15 ) -- (8/8, w=1000, lw_b = 8 --> ( day_lab_2 )
for emp: Employee 42, ( 15-23 ) -- (4/8, w=1000, lw_b = 8 --> ( eve_lab_2 )
for emp: Employee 42, ( 7-15 ) -- (8/8, w=1000, lw_b = 8 --> ( day_lab_2 )
for emp: Employee 42, ( 15-23 ) -- (4/8, w=1000, lw_b = 8 --> ( eve_lab_2 )
for emp: Employee 42, ( 7-15 ) -- (8/8, w=1000, lw_b = 8 --> ( day_lab_2 )
for emp: Employee 42, ( 15-23 ) -- (4/8, w=1000, lw_b = 8 --> ( eve_lab_2 )
for emp: Employee 42, ( 7-15 ) -- (8/8, w=1000, lw_b = 8 --> ( day_lab_2 )
for emp: Employee 42, ( 15-23 ) -- (4/8, w=1000, lw_b = 8 --> ( eve_lab_2 )
for emp: Employee 42, ( 7-15 ) -- (8/8, w=1000, lw_b = 8 --> ( day_mat_2 )
for emp: Employee 42, ( 7-15 ) -- (8/8, w=1000, lw_b = 8 --> ( day_mat_2 )
for emp: Employee 42, ( 7-15 ) -- (8/8, w=1000, lw_b = 8 --> ( day_mat_2 )
for emp: Employee 42, ( 15-23 ) -- (4/8, w=1000, lw_b = 8 --> ( eve_mat_2 )
for emp: Employee 42, ( 23-7 ) -- (8/8, w=1000, lw_b = 8 --> ( night_mat_2 )
for emp: Employee 42, ( 7-15 ) -- (8/8, w=1000, lw_b = 8 --> ( day_lab_2 )
for emp: Employee 42, ( 15-23 ) -- (4/8, w=1000, lw_b = 8 --> ( eve_lab_2 )
for emp: Employee 42, ( 7-15 ) -- (8/8, w=1000, lw_b = 8 --> ( day_mat_2 )
for emp: Employee 42, ( 15-23 ) -- (4/8, w=1000, lw_b = 8 --> ( eve_mat_2 )
for emp: Employee 42, ( 7-15 ) -- (8/8, w=1000, lw_b = 8 --> ( day_lab_2 )
for emp: Employee 42, ( 7-15 ) -- (8/8, w=1000, lw_b = 8 --> ( day_lab_2 )
for emp: Employee 42, ( 7-15 ) -- (8/8, w=1000, lw_b = 8 --> ( day_lab_2 )
for emp: Employee 42, ( 7-15 ) -- (8/8, w=1000, lw_b = 8 --> ( day_mat_2 )
for emp: Employee 42, ( 7-15 ) -- (8/8, w=1000, lw_b = 8 --> ( day_lab_2 )
for emp: Employee 42, ( 15-23 ) -- (4/8, w=1000, lw_b = 8 --> ( eve_lab_2 )
for emp: Employee 42, ( 7-15 ) -- (8/8, w=1000, lw_b = 8 --> ( day_lab_2 )
for emp: Employee 42, ( 7-15 ) -- (8/8, w=1000, lw_b = 8 --> ( day_lab_2 )
for emp: Employee 42, ( 7-15 ) -- (8/8, w=1000, lw_b = 8 --> ( day_lab_2 )
for emp: Employee 42, ( 15-23 ) -- (4/8, w=1000, lw_b = 8 --> ( eve_lab_2 )
for emp: Employee 42, ( 7-15 ) -- (8/8, w=1000, lw_b = 8 --> ( day_lab_2 )
for emp: Employee 42, ( 7-15 ) -- (8/8, w=1000, lw_b = 8 --> ( day_lab_2 )
for emp: Employee 42, ( 7-15 ) -- (8/8, w=1000, lw_b = 8 --> ( day_lab_2 )
for emp: Employee 42, ( 15-23 ) -- (4/8, w=1000, lw_b = 8 --> ( eve_lab_2 )
for emp: Employee 42, ( 7-15 ) -- (8/8, w=1000, lw_b = 8 --> ( day_lab_2 )
for emp: Employee 42, ( 15-23 ) -- (4/8, w=1000, lw_b = 8 --> ( eve_lab_2 )
for emp: Employee 42, ( 7-15 ) -- (8/8, w=1000, lw_b = 8 --> ( day_lab_2 )
for emp: Employee 42, ( 15-23 ) -- (4/8, w=1000, lw_b = 8 --> ( eve_lab_2 )
for emp: Employee 42, ( 7-15 ) -- (8/8, w=1000, lw_b = 8 --> ( day_lab_2 )
for emp: Employee 42, ( 15-23 ) -- (4/8, w=1000, lw_b = 8 --> ( eve_lab_2 )
for emp: Employee 42, ( 7-15 ) -- (8/8, w=1000, lw_b = 8 --> ( day_lab_2 )
for emp: Employee 42, ( 15-23 ) -- (4/8, w=1000, lw_b = 8 --> ( eve_lab_2 )
for emp: Employee 42, ( 7-15 ) -- (4/8, w=1000, lw_b = 8 --> ( day_lab_2 )
for emp: Employee 42, ( 7-15 ) -- (8/8, w=1000, lw_b = 8 --> ( day_lab_2 )
for emp: Employee 42, ( 15-23 ) -- (4/8, w=1000, lw_b = 8 --> ( eve_lab_2 )
for emp: Employee 43, ( 15-23 ) -- (4/8, w=1000, lw_b = 8 --> ( eve_lab_1 )
for emp: Employee 43, ( 7-15 ) -- (8/8, w=1000, lw_b = 8 --> ( day_mat_1 )
for emp: Employee 43, ( 7-15 ) -- (8/8, w=1000, lw_b = 8 --> ( day_mat_1 )
for emp: Employee 43, ( 7-15 ) -- (8/8, w=1000, lw_b = 8 --> ( day_mat_1 )
for emp: Employee 43, ( 7-15 ) -- (8/8, w=1000, lw_b = 8 --> ( day_mat_1 )
for emp: Employee 43, ( 15-23 ) -- (8/8, w=1000, lw_b = 8 --> ( eve_mat_1 )
for emp: Employee 43, ( 15-23 ) -- (8/8, w=1000, lw_b = 8 --> ( eve_mat_1 )
for emp: Employee 43, ( 7-15 ) -- (8/8, w=1000, lw_b = 8 --> ( day_mat_1 )
for emp: Employee 43, ( 7-15 ) -- (8/8, w=1000, lw_b = 8 --> ( day_mat_1 )
for emp: Employee 43, ( 15-23 ) -- (4/8, w=1000, lw_b = 8 --> ( eve_mat_1 )
for emp: Employee 43, ( 7-15 ) -- (8/8, w=1000, lw_b = 8 --> ( day_mat_1 )
for emp: Employee 43, ( 7-15 ) -- (4/8, w=1000, lw_b = 8 --> ( day_lab_1 )
for emp: Employee 43, ( 7-15 ) -- (8/8, w=1000, lw_b = 8 --> ( day_mat_1 )
for emp: Employee 43, ( 15-23 ) -- (4/8, w=1000, lw_b = 8 --> ( eve_mat_1 )
for emp: Employee 43, ( 7-15 ) -- (8/8, w=1000, lw_b = 8 --> ( day_mat_1 )
for emp: Employee 43, ( 15-23 ) -- (4/8, w=1000, lw_b = 8 --> ( eve_mat_1 )
for emp: Employee 43, ( 7-15 ) -- (8/8, w=1000, lw_b = 8 --> ( day_lab_1 )
for emp: Employee 43, ( 15-23 ) -- (4/8, w=1000, lw_b = 8 --> ( eve_lab_1 )
for emp: Employee 43, ( 7-15 ) -- (8/8, w=1000, lw_b = 8 --> ( day_lab_1 )
for emp: Employee 43, ( 7-15 ) -- (8/8, w=1000, lw_b = 8 --> ( day_lab_1 )
for emp: Employee 43, ( 15-23 ) -- (4/8, w=1000, lw_b = 8 --> ( eve_lab_1 )
for emp: Employee 43, ( 7-15 ) -- (8/8, w=1000, lw_b = 8 --> ( day_mat_1 )
for emp: Employee 43, ( 15-23 ) -- (4/8, w=1000, lw_b = 8 --> ( eve_mat_1 )
for emp: Employee 43, ( 7-15 ) -- (8/8, w=1000, lw_b = 8 --> ( day_lab_1 )
for emp: Employee 43, ( 15-23 ) -- (4/8, w=1000, lw_b = 8 --> ( eve_lab_1 )
for emp: Employee 43, ( 7-15 ) -- (8/8, w=1000, lw_b = 8 --> ( day_lab_1 )
for emp: Employee 43, ( 15-23 ) -- (4/8, w=1000, lw_b = 8 --> ( eve_lab_1 )
for emp: Employee 43, ( 7-15 ) -- (8/8, w=1000, lw_b = 8 --> ( day_lab_1 )
for emp: Employee 43, ( 15-23 ) -- (4/8, w=1000, lw_b = 8 --> ( eve_lab_1 )
for emp: Employee 43, ( 7-15 ) -- (8/8, w=1000, lw_b = 8 --> ( day_lab_1 )
for emp: Employee 43, ( 7-15 ) -- (8/8, w=1000, lw_b = 8 --> ( day_lab_1 )
for emp: Employee 43, ( 15-23 ) -- (4/8, w=1000, lw_b = 8 --> ( eve_lab_1 )
for emp: Employee 43, ( 7-15 ) -- (8/8, w=1000, lw_b = 8 --> ( day_lab_1 )
for emp: Employee 43, ( 15-23 ) -- (4/8, w=1000, lw_b = 8 --> ( eve_lab_1 )
for emp: Employee 43, ( 7-15 ) -- (8/8, w=1000, lw_b = 8 --> ( day_lab_1 )
for emp: Employee 43, ( 15-23 ) -- (4/8, w=1000, lw_b = 8 --> ( eve_lab_1 )
for emp: Employee 43, ( 7-15 ) -- (8/8, w=1000, lw_b = 8 --> ( day_lab_1 )
for emp: Employee 43, ( 15-23 ) -- (4/8, w=1000, lw_b = 8 --> ( eve_lab_1 )
for emp: Employee 43, ( 7-15 ) -- (8/8, w=1000, lw_b = 8 --> ( day_lab_1 )
for emp: Employee 43, ( 15-23 ) -- (4/8, w=1000, lw_b = 8 --> ( eve_lab_1 )
for emp: Employee 43, ( 7-15 ) -- (8/8, w=1000, lw_b = 8 --> ( day_lab_1 )
for emp: Employee 43, ( 15-23 ) -- (4/8, w=1000, lw_b = 8 --> ( eve_lab_1 )
for emp: Employee 43, ( 7-15 ) -- (8/8, w=1000, lw_b = 8 --> ( day_lab_1 )
for emp: Employee 43, ( 15-23 ) -- (4/8, w=1000, lw_b = 8 --> ( eve_lab_1 )
for emp: Employee 43, ( 7-15 ) -- (8/8, w=1000, lw_b = 8 --> ( day_lab_1 )
for emp: Employee 43, ( 15-23 ) -- (4/8, w=1000, lw_b = 8 --> ( eve_lab_1 )
for emp: Employee 43, ( 7-15 ) -- (4/8, w=1000, lw_b = 8 --> ( day_lab_1 )
for emp: Employee 44, ( 23-7 ) -- (8/8, w=1000, lw_b = 8 --> ( night_mat_1 )
for emp: Employee 44, ( 7-15 ) -- (8/8, w=1000, lw_b = 8 --> ( day_mat_1 )
for emp: Employee 44, ( 7-15 ) -- (8/8, w=1000, lw_b = 8 --> ( day_mat_1 )
for emp: Employee 44, ( 7-15 ) -- (8/8, w=1000, lw_b = 8 --> ( day_mat_1 )
for emp: Employee 44, ( 7-15 ) -- (8/8, w=1000, lw_b = 8 --> ( day_mat_1 )
for emp: Employee 44, ( 7-15 ) -- (8/8, w=1000, lw_b = 8 --> ( day_mat_1 )
for emp: Employee 44, ( 15-23 ) -- (4/8, w=1000, lw_b = 8 --> ( eve_mat_1 )
for emp: Employee 44, ( 23-7 ) -- (8/8, w=1000, lw_b = 8 --> ( night_lab_1 )
for emp: Employee 44, ( 7-15 ) -- (8/8, w=1000, lw_b = 8 --> ( day_mat_1 )
for emp: Employee 44, ( 7-15 ) -- (8/8, w=1000, lw_b = 8 --> ( day_mat_1 )
for emp: Employee 44, ( 15-23 ) -- (4/8, w=1000, lw_b = 8 --> ( eve_mat_1 )
for emp: Employee 44, ( 7-15 ) -- (8/8, w=1000, lw_b = 8 --> ( day_mat_1 )
for emp: Employee 44, ( 15-23 ) -- (4/8, w=1000, lw_b = 8 --> ( eve_mat_1 )
for emp: Employee 44, ( 7-15 ) -- (4/8, w=1000, lw_b = 8 --> ( day_mat_1 )
for emp: Employee 44, ( 15-23 ) -- (8/8, w=1000, lw_b = 8 --> ( eve_mat_1 )
for emp: Employee 44, ( 7-15 ) -- (8/8, w=1000, lw_b = 8 --> ( day_mat_1 )
for emp: Employee 44, ( 7-15 ) -- (8/8, w=1000, lw_b = 8 --> ( day_lab_1 )
for emp: Employee 44, ( 7-15 ) -- (8/8, w=1000, lw_b = 8 --> ( day_mat_1 )
for emp: Employee 44, ( 15-23 ) -- (4/8, w=1000, lw_b = 8 --> ( eve_mat_1 )
for emp: Employee 44, ( 7-15 ) -- (8/8, w=1000, lw_b = 8 --> ( day_mat_1 )
for emp: Employee 44, ( 7-15 ) -- (8/8, w=1000, lw_b = 8 --> ( day_lab_1 )
for emp: Employee 44, ( 15-23 ) -- (4/8, w=1000, lw_b = 8 --> ( eve_lab_1 )
for emp: Employee 44, ( 7-15 ) -- (8/8, w=1000, lw_b = 8 --> ( day_mat_1 )
for emp: Employee 44, ( 15-23 ) -- (4/8, w=1000, lw_b = 8 --> ( eve_mat_1 )
for emp: Employee 44, ( 7-15 ) -- (8/8, w=1000, lw_b = 8 --> ( day_mat_1 )
for emp: Employee 44, ( 15-23 ) -- (4/8, w=1000, lw_b = 8 --> ( eve_mat_1 )
for emp: Employee 44, ( 7-15 ) -- (8/8, w=1000, lw_b = 8 --> ( day_mat_1 )
for emp: Employee 44, ( 7-15 ) -- (8/8, w=1000, lw_b = 8 --> ( day_lab_1 )
for emp: Employee 44, ( 7-15 ) -- (8/8, w=1000, lw_b = 8 --> ( day_lab_1 )
for emp: Employee 44, ( 15-23 ) -- (4/8, w=1000, lw_b = 8 --> ( eve_lab_1 )
for emp: Employee 44, ( 7-15 ) -- (8/8, w=1000, lw_b = 8 --> ( day_lab_1 )
for emp: Employee 44, ( 7-15 ) -- (8/8, w=1000, lw_b = 8 --> ( day_lab_1 )
for emp: Employee 44, ( 15-23 ) -- (4/8, w=1000, lw_b = 8 --> ( eve_lab_1 )
for emp: Employee 44, ( 7-15 ) -- (8/8, w=1000, lw_b = 8 --> ( day_lab_1 )
for emp: Employee 44, ( 15-23 ) -- (4/8, w=1000, lw_b = 8 --> ( eve_lab_1 )
for emp: Employee 44, ( 7-15 ) -- (8/8, w=1000, lw_b = 8 --> ( day_lab_1 )
for emp: Employee 44, ( 7-15 ) -- (8/8, w=1000, lw_b = 8 --> ( day_lab_1 )
for emp: Employee 44, ( 7-15 ) -- (8/8, w=1000, lw_b = 8 --> ( day_lab_1 )
for emp: Employee 44, ( 15-23 ) -- (4/8, w=1000, lw_b = 8 --> ( eve_lab_1 )
for emp: Employee 44, ( 7-15 ) -- (8/8, w=1000, lw_b = 8 --> ( day_lab_1 )
for emp: Employee 44, ( 15-23 ) -- (4/8, w=1000, lw_b = 8 --> ( eve_lab_1 )
for emp: Employee 44, ( 7-15 ) -- (8/8, w=1000, lw_b = 8 --> ( day_lab_1 )
for emp: Employee 44, ( 15-23 ) -- (4/8, w=1000, lw_b = 8 --> ( eve_lab_1 )
for emp: Employee 44, ( 7-15 ) -- (8/8, w=1000, lw_b = 8 --> ( day_lab_1 )
for emp: Employee 45, ( 7-15 ) -- (8/8, w=1000, lw_b = 8 --> ( day_mat_2 )
for emp: Employee 45, ( 7-15 ) -- (4/8, w=1000, lw_b = 8 --> ( day_mat_2 )
for emp: Employee 45, ( 7-15 ) -- (8/8, w=1000, lw_b = 8 --> ( day_mat_2 )
for emp: Employee 45, ( 7-15 ) -- (8/8, w=1000, lw_b = 8 --> ( day_mat_2 )
for emp: Employee 45, ( 7-15 ) -- (8/8, w=1000, lw_b = 8 --> ( day_mat_2 )
for emp: Employee 45, ( 7-15 ) -- (8/8, w=1000, lw_b = 8 --> ( day_mat_2 )
for emp: Employee 45, ( 7-15 ) -- (8/8, w=1000, lw_b = 8 --> ( day_mat_2 )
for emp: Employee 45, ( 15-23 ) -- (4/8, w=1000, lw_b = 8 --> ( eve_mat_2 )
for emp: Employee 45, ( 7-15 ) -- (8/8, w=1000, lw_b = 8 --> ( day_mat_2 )
for emp: Employee 45, ( 7-15 ) -- (8/8, w=1000, lw_b = 8 --> ( day_mat_2 )
for emp: Employee 45, ( 15-23 ) -- (4/8, w=1000, lw_b = 8 --> ( eve_mat_2 )
for emp: Employee 45, ( 15-23 ) -- (8/8, w=1000, lw_b = 8 --> ( eve_mat_2 )
for emp: Employee 45, ( 7-15 ) -- (8/8, w=1000, lw_b = 8 --> ( day_mat_2 )
for emp: Employee 45, ( 7-15 ) -- (8/8, w=1000, lw_b = 8 --> ( day_lab_2 )
for emp: Employee 45, ( 7-15 ) -- (8/8, w=1000, lw_b = 8 --> ( day_mat_2 )
for emp: Employee 45, ( 7-15 ) -- (8/8, w=1000, lw_b = 8 --> ( day_mat_2 )
for emp: Employee 45, ( 15-23 ) -- (4/8, w=1000, lw_b = 8 --> ( eve_mat_2 )
for emp: Employee 45, ( 7-15 ) -- (8/8, w=1000, lw_b = 8 --> ( day_mat_2 )
for emp: Employee 45, ( 15-23 ) -- (4/8, w=1000, lw_b = 8 --> ( eve_mat_2 )
for emp: Employee 45, ( 7-15 ) -- (8/8, w=1000, lw_b = 8 --> ( day_mat_2 )
for emp: Employee 45, ( 15-23 ) -- (4/8, w=1000, lw_b = 8 --> ( eve_mat_2 )
for emp: Employee 45, ( 7-15 ) -- (8/8, w=1000, lw_b = 8 --> ( day_mat_2 )
for emp: Employee 45, ( 7-15 ) -- (8/8, w=1000, lw_b = 8 --> ( day_mat_2 )
for emp: Employee 45, ( 7-15 ) -- (8/8, w=1000, lw_b = 8 --> ( day_lab_2 )
for emp: Employee 45, ( 15-23 ) -- (4/8, w=1000, lw_b = 8 --> ( eve_lab_2 )
for emp: Employee 45, ( 7-15 ) -- (8/8, w=1000, lw_b = 8 --> ( day_mat_2 )
for emp: Employee 45, ( 7-15 ) -- (8/8, w=1000, lw_b = 8 --> ( day_mat_2 )
for emp: Employee 45, ( 15-23 ) -- (4/8, w=1000, lw_b = 8 --> ( eve_mat_2 )
for emp: Employee 45, ( 7-15 ) -- (8/8, w=1000, lw_b = 8 --> ( day_mat_2 )
for emp: Employee 45, ( 15-23 ) -- (4/8, w=1000, lw_b = 8 --> ( eve_mat_2 )
for emp: Employee 45, ( 7-15 ) -- (8/8, w=1000, lw_b = 8 --> ( day_mat_2 )
for emp: Employee 45, ( 15-23 ) -- (4/8, w=1000, lw_b = 8 --> ( eve_mat_2 )
for emp: Employee 45, ( 7-15 ) -- (8/8, w=1000, lw_b = 8 --> ( day_lab_2 )
for emp: Employee 45, ( 7-15 ) -- (8/8, w=1000, lw_b = 8 --> ( day_lab_2 )
for emp: Employee 45, ( 7-15 ) -- (8/8, w=1000, lw_b = 8 --> ( day_lab_2 )
for emp: Employee 45, ( 15-23 ) -- (4/8, w=1000, lw_b = 8 --> ( eve_lab_2 )
for emp: Employee 45, ( 7-15 ) -- (8/8, w=1000, lw_b = 8 --> ( day_lab_2 )
for emp: Employee 45, ( 15-23 ) -- (4/8, w=1000, lw_b = 8 --> ( eve_lab_2 )
for emp: Employee 45, ( 7-15 ) -- (8/8, w=1000, lw_b = 8 --> ( day_lab_2 )
for emp: Employee 45, ( 15-23 ) -- (4/8, w=1000, lw_b = 8 --> ( eve_lab_2 )
for emp: Employee 45, ( 7-15 ) -- (8/8, w=1000, lw_b = 8 --> ( day_lab_2 )
for emp: Employee 45, ( 15-23 ) -- (4/8, w=1000, lw_b = 8 --> ( eve_lab_2 )
for emp: Employee 45, ( 7-15 ) -- (8/8, w=1000, lw_b = 8 --> ( day_lab_2 )
for emp: Employee 45, ( 15-23 ) -- (4/8, w=1000, lw_b = 8 --> ( eve_lab_2 )
for emp: Employee 45, ( 7-15 ) -- (4/8, w=1000, lw_b = 8 --> ( day_lab_2 )
for emp: Employee 46, ( 7-15 ) -- (8/8, w=1000, lw_b = 8 --> ( day_mat_2 )
for emp: Employee 46, ( 23-7 ) -- (8/8, w=1000, lw_b = 8 --> ( night_mat_2 )
for emp: Employee 46, ( 7-15 ) -- (8/8, w=1000, lw_b = 8 --> ( day_mat_2 )
for emp: Employee 46, ( 7-15 ) -- (8/8, w=1000, lw_b = 8 --> ( day_mat_2 )
for emp: Employee 46, ( 7-15 ) -- (8/8, w=1000, lw_b = 8 --> ( day_mat_2 )
for emp: Employee 46, ( 7-15 ) -- (8/8, w=1000, lw_b = 8 --> ( day_mat_2 )
for emp: Employee 46, ( 15-23 ) -- (4/8, w=1000, lw_b = 8 --> ( eve_mat_2 )
for emp: Employee 46, ( 7-15 ) -- (8/8, w=1000, lw_b = 8 --> ( day_mat_2 )
for emp: Employee 46, ( 7-15 ) -- (8/8, w=1000, lw_b = 8 --> ( day_mat_2 )
for emp: Employee 46, ( 15-23 ) -- (4/8, w=1000, lw_b = 8 --> ( eve_mat_2 )
for emp: Employee 46, ( 23-7 ) -- (8/8, w=1000, lw_b = 8 --> ( night_lab_2 )
for emp: Employee 46, ( 7-15 ) -- (8/8, w=1000, lw_b = 8 --> ( day_mat_2 )
for emp: Employee 46, ( 7-15 ) -- (8/8, w=1000, lw_b = 8 --> ( day_lab_2 )
for emp: Employee 46, ( 7-15 ) -- (8/8, w=1000, lw_b = 8 --> ( day_mat_2 )
for emp: Employee 46, ( 7-15 ) -- (8/8, w=1000, lw_b = 8 --> ( day_mat_2 )
for emp: Employee 46, ( 15-23 ) -- (4/8, w=1000, lw_b = 8 --> ( eve_mat_2 )
for emp: Employee 46, ( 7-15 ) -- (8/8, w=1000, lw_b = 8 --> ( day_mat_2 )
for emp: Employee 46, ( 15-23 ) -- (4/8, w=1000, lw_b = 8 --> ( eve_mat_2 )
for emp: Employee 46, ( 7-15 ) -- (8/8, w=1000, lw_b = 8 --> ( day_mat_2 )
for emp: Employee 46, ( 15-23 ) -- (4/8, w=1000, lw_b = 8 --> ( eve_mat_2 )
for emp: Employee 46, ( 7-15 ) -- (8/8, w=1000, lw_b = 8 --> ( day_mat_2 )
for emp: Employee 46, ( 7-15 ) -- (8/8, w=1000, lw_b = 8 --> ( day_mat_2 )
for emp: Employee 46, ( 7-15 ) -- (8/8, w=1000, lw_b = 8 --> ( day_lab_2 )
for emp: Employee 46, ( 15-23 ) -- (4/8, w=1000, lw_b = 8 --> ( eve_lab_2 )
for emp: Employee 46, ( 7-15 ) -- (8/8, w=1000, lw_b = 8 --> ( day_mat_2 )
for emp: Employee 46, ( 7-15 ) -- (8/8, w=1000, lw_b = 8 --> ( day_mat_2 )
for emp: Employee 46, ( 15-23 ) -- (4/8, w=1000, lw_b = 8 --> ( eve_mat_2 )
for emp: Employee 46, ( 7-15 ) -- (8/8, w=1000, lw_b = 8 --> ( day_mat_2 )
for emp: Employee 46, ( 15-23 ) -- (4/8, w=1000, lw_b = 8 --> ( eve_mat_2 )
for emp: Employee 46, ( 7-15 ) -- (8/8, w=1000, lw_b = 8 --> ( day_mat_2 )
for emp: Employee 46, ( 15-23 ) -- (4/8, w=1000, lw_b = 8 --> ( eve_mat_2 )
for emp: Employee 46, ( 7-15 ) -- (8/8, w=1000, lw_b = 8 --> ( day_lab_2 )
for emp: Employee 46, ( 7-15 ) -- (8/8, w=1000, lw_b = 8 --> ( day_lab_2 )
for emp: Employee 46, ( 7-15 ) -- (8/8, w=1000, lw_b = 8 --> ( day_lab_2 )
for emp: Employee 46, ( 15-23 ) -- (4/8, w=1000, lw_b = 8 --> ( eve_lab_2 )
for emp: Employee 46, ( 7-15 ) -- (8/8, w=1000, lw_b = 8 --> ( day_lab_2 )
for emp: Employee 46, ( 15-23 ) -- (4/8, w=1000, lw_b = 8 --> ( eve_lab_2 )
for emp: Employee 46, ( 7-15 ) -- (8/8, w=1000, lw_b = 8 --> ( day_lab_2 )
for emp: Employee 46, ( 15-23 ) -- (4/8, w=1000, lw_b = 8 --> ( eve_lab_2 )
for emp: Employee 46, ( 7-15 ) -- (8/8, w=1000, lw_b = 8 --> ( day_mat_2 )
for emp: Employee 46, ( 15-23 ) -- (4/8, w=1000, lw_b = 8 --> ( eve_mat_2 )
for emp: Employee 46, ( 7-15 ) -- (8/8, w=1000, lw_b = 8 --> ( day_lab_2 )
for emp: Employee 46, ( 15-23 ) -- (4/8, w=1000, lw_b = 8 --> ( eve_lab_2 )
for emp: Employee 46, ( 7-15 ) -- (8/8, w=1000, lw_b = 8 --> ( day_lab_2 )
for emp: Employee 47, ( 23-7 ) -- (8/8, w=1000, lw_b = 8 --> ( night_lab_2 )
for emp: Employee 47, ( 23-7 ) -- (8/8, w=1000, lw_b = 8 --> ( night_lab_2 )
for emp: Employee 47, ( 23-7 ) -- (8/8, w=1000, lw_b = 8 --> ( night_lab_2 )
for emp: Employee 47, ( 23-7 ) -- (8/8, w=1000, lw_b = 8 --> ( night_lab_2 )
for emp: Employee 47, ( 23-7 ) -- (8/8, w=1000, lw_b = 8 --> ( night_lab_2 )
for emp: Employee 47, ( 23-7 ) -- (8/8, w=1000, lw_b = 8 --> ( night_lab_2 )
for emp: Employee 47, ( 23-7 ) -- (8/8, w=1000, lw_b = 8 --> ( night_lab_2 )
for emp: Employee 47, ( 23-7 ) -- (8/8, w=1000, lw_b = 8 --> ( night_lab_2 )
for emp: Employee 47, ( 23-7 ) -- (8/8, w=1000, lw_b = 8 --> ( night_lab_2 )
for emp: Employee 47, ( 23-7 ) -- (8/8, w=1000, lw_b = 8 --> ( night_lab_2 )
for emp: Employee 47, ( 23-7 ) -- (8/8, w=1000, lw_b = 8 --> ( night_lab_2 )
for emp: Employee 47, ( 23-7 ) -- (8/8, w=1000, lw_b = 8 --> ( night_lab_2 )
for emp: Employee 47, ( 23-7 ) -- (8/8, w=1000, lw_b = 8 --> ( night_lab_2 )
for emp: Employee 47, ( 23-7 ) -- (8/8, w=1000, lw_b = 8 --> ( night_lab_2 )
for emp: Employee 47, ( 23-7 ) -- (8/8, w=1000, lw_b = 8 --> ( night_lab_2 )
for emp: Employee 47, ( 23-7 ) -- (8/8, w=1000, lw_b = 8 --> ( night_lab_2 )
for emp: Employee 47, ( 23-7 ) -- (8/8, w=1000, lw_b = 8 --> ( night_lab_2 )
for emp: Employee 47, ( 23-7 ) -- (8/8, w=1000, lw_b = 8 --> ( night_lab_2 )
for emp: Employee 47, ( 23-7 ) -- (8/8, w=1000, lw_b = 8 --> ( night_lab_2 )
for emp: Employee 47, ( 23-7 ) -- (8/8, w=1000, lw_b = 8 --> ( night_lab_2 )
for emp: Employee 47, ( 23-7 ) -- (8/8, w=1000, lw_b = 8 --> ( night_lab_2 )
for emp: Employee 47, ( 23-7 ) -- (8/8, w=1000, lw_b = 8 --> ( night_lab_2 )
for emp: Employee 47, ( 23-7 ) -- (8/8, w=1000, lw_b = 8 --> ( night_lab_2 )
for emp: Employee 47, ( 23-7 ) -- (8/8, w=1000, lw_b = 8 --> ( night_lab_2 )
for emp: Employee 47, ( 23-7 ) -- (8/8, w=1000, lw_b = 8 --> ( night_lab_2 )
for emp: Employee 47, ( 23-7 ) -- (8/8, w=1000, lw_b = 8 --> ( night_lab_2 )
for emp: Employee 47, ( 23-7 ) -- (8/8, w=1000, lw_b = 8 --> ( night_lab_2 )
for emp: Employee 47, ( 23-7 ) -- (8/8, w=1000, lw_b = 8 --> ( night_lab_2 )
for emp: Employee 47, ( 23-7 ) -- (8/8, w=1000, lw_b = 8 --> ( night_lab_2 )
for emp: Employee 47, ( 23-7 ) -- (8/8, w=1000, lw_b = 8 --> ( night_lab_2 )
for emp: Employee 47, ( 23-7 ) -- (8/8, w=1000, lw_b = 8 --> ( night_lab_2 )
for emp: Employee 47, ( 23-7 ) -- (8/8, w=1000, lw_b = 8 --> ( night_lab_2 )
for emp: Employee 47, ( 23-7 ) -- (8/8, w=1000, lw_b = 8 --> ( night_lab_2 )
for emp: Employee 47, ( 23-7 ) -- (8/8, w=1000, lw_b = 8 --> ( night_lab_2 )
for emp: Employee 47, ( 23-7 ) -- (8/8, w=1000, lw_b = 8 --> ( night_lab_2 )
for emp: Employee 47, ( 23-7 ) -- (8/8, w=1000, lw_b = 8 --> ( night_lab_2 )
]]></system-out>
  </testcase>
</testsuite>