<?xml version="1.0" encoding="UTF-8"?>
<testsuite xmlns:xsi="http://www.w3.org/2001/XMLSchema-instance" xsi:noNamespaceSchemaLocation="https://maven.apache.org/surefire/maven-surefire-plugin/xsd/surefire-test-report-3.0.xsd" version="3.0" name="tests.runner.CucumberTest" time="0.346" tests="4" errors="0" skipped="0" failures="0">
  <properties>
[...]
</properties>
  <testcase name="Flow is added to a normal edge" classname="Adding flow to edges" time="0.057"/>
  <testcase name="Flow is added to a residual edge" classname="Adding flow to edges" time="0.009"/>
  <testcase name="Employees are correctly portrayed in the graph" classname="Making the graph" time="0.038"/>
  <testcase name="Employees have preferences which are denied in tabu search" classname="Checking whether preferences are handled" time="0.015">
    <system-out><![CDATA[invalid Shifts: 0
new size of invalidPaths: 0
Initial objective value (spread): 1683144
Initial objective value (dist): 1667944
Hours wanted: 3136, Hours available: 304, impossibleHours: 2832
expected value: 500000, actual value: 500000
]]></system-out>
  </testcase>
</testsuite>